+__rvm_package_extract:2> rvm_debug __rvm_package_extract:2: /Users/dieguit/.rvm/archives/ruby-2.3.7.tar.bz2 /Users/dieguit/.rvm/tmp/rvm_src_48884
+rvm_debug:2> ((  0  ))
+rvm_debug:2> return 0
+__rvm_package_extract:3> typeset __extract_src __extract_target __tempdir __path __file __return
+__rvm_package_extract:4> __extract_src=/Users/dieguit/.rvm/archives/ruby-2.3.7.tar.bz2 
+__rvm_package_extract:5> __extract_target=/Users/dieguit/.rvm/tmp/rvm_src_48884 
+__rvm_package_extract:6> shift 2
+__rvm_package_extract:7> __return=0 
+__rvm_package_extract:8> __tempdir=+__rvm_package_extract:8> TMPDIR=/Users/dieguit/.rvm/tmp mktemp -d -t rvm-tmp.XXXXXXXXX
+__rvm_package_extract:8> __tempdir=/var/folders/rk/mzhh7l7x5js640rsgg1crz2m0000gn/T/rvm-tmp.XXXXXXXXX.B65vxlAI 
+__rvm_package_extract:9> __rvm_package_extract_run /Users/dieguit/.rvm/archives/ruby-2.3.7.tar.bz2 /var/folders/rk/mzhh7l7x5js640rsgg1crz2m0000gn/T/rvm-tmp.XXXXXXXXX.B65vxlAI
+__rvm_package_extract_run:2> typeset __extract_run_src __extract_run_target __exclude_elements
+__rvm_package_extract_run:3> __extract_run_src=/Users/dieguit/.rvm/archives/ruby-2.3.7.tar.bz2 
+__rvm_package_extract_run:4> __extract_run_target=/var/folders/rk/mzhh7l7x5js640rsgg1crz2m0000gn/T/rvm-tmp.XXXXXXXXX.B65vxlAI 
+__rvm_package_extract_run:5> shift 2
+__rvm_package_extract_run:6> __exclude_elements=( ) 
+__rvm_package_extract_run:9> [[ '  ' != *\ --no-same-owner\ * ]]
+__rvm_package_extract_run:10> __rvm_tar --help
+__rvm_package_extract_run:10> __rvm_grep -- --no-same-owner
+__rvm_grep:0> GREP_OPTIONS='' grep -- --no-same-owner
+__rvm_grep:0> return 1
+__rvm_package_extract_run:15> [[ -d /var/folders/rk/mzhh7l7x5js640rsgg1crz2m0000gn/T/rvm-tmp.XXXXXXXXX.B65vxlAI ]]
+__rvm_package_extract_run:16> case /Users/dieguit/.rvm/archives/ruby-2.3.7.tar.bz2 (*.zip)
+__rvm_package_extract_run:16> case /Users/dieguit/.rvm/archives/ruby-2.3.7.tar.bz2 (*.tar.bz2)
+__rvm_package_extract_run:22> __map_tar_excludes
+__map_tar_excludes:2> typeset __exclude_element
+__rvm_package_extract_run:23> [[ -n 5.3 ]]
+__rvm_package_extract_run:24> __rvm_tar -xjf /Users/dieguit/.rvm/archives/ruby-2.3.7.tar.bz2 -C /var/folders/rk/mzhh7l7x5js640rsgg1crz2m0000gn/T/rvm-tmp.XXXXXXXXX.B65vxlAI
+__rvm_tar:0> tar -xjf /Users/dieguit/.rvm/archives/ruby-2.3.7.tar.bz2 -C /var/folders/rk/mzhh7l7x5js640rsgg1crz2m0000gn/T/rvm-tmp.XXXXXXXXX.B65vxlAI
+__rvm_package_extract_run:39> __rvm_fix_group_permissions /var/folders/rk/mzhh7l7x5js640rsgg1crz2m0000gn/T/rvm-tmp.XXXXXXXXX.B65vxlAI/ruby-2.3.7
+__rvm_fix_group_permissions:3> __rvm_grep 'g=rw'
+__rvm_fix_group_permissions:3> umask -S
+__rvm_grep:0> GREP_OPTIONS='' grep 'g=rw'
+__rvm_grep:0> return 1
+__rvm_package_extract:11> ((  __return == 0  ))
+__rvm_package_extract:13> __path=/var/folders/rk/mzhh7l7x5js640rsgg1crz2m0000gn/T/rvm-tmp.XXXXXXXXX.B65vxlAI/ruby-2.3.7
+__rvm_package_extract:15> __file=ruby-2.3.7 
+__rvm_package_extract:17> [[ -n ruby-2.3.7 && -e /Users/dieguit/.rvm/tmp/rvm_src_48884/ruby-2.3.7 ]]
+__rvm_package_extract:21> mv -f /var/folders/rk/mzhh7l7x5js640rsgg1crz2m0000gn/T/rvm-tmp.XXXXXXXXX.B65vxlAI/ruby-2.3.7 /Users/dieguit/.rvm/tmp/rvm_src_48884/
+__rvm_package_extract:24> [[ -n /var/folders/rk/mzhh7l7x5js640rsgg1crz2m0000gn/T/rvm-tmp.XXXXXXXXX.B65vxlAI ]]
+__rvm_package_extract:25> rm -rf /var/folders/rk/mzhh7l7x5js640rsgg1crz2m0000gn/T/rvm-tmp.XXXXXXXXX.B65vxlAI
+__rvm_package_extract:27> return 0
