+__rvm_make:0> make install
generating x86_64-darwin17-fake.rb
x86_64-darwin17-fake.rb updated
	CC = gcc
	LD = ld
	LDSHARED = gcc -dynamiclib
	CFLAGS = -O3 -fno-fast-math -ggdb3 -Wall -Wextra -Wno-unused-parameter -Wno-parentheses -Wno-long-long -Wno-missing-field-initializers -Wunused-variable -Wpointer-arith -Wwrite-strings -Wdeclaration-after-statement -Wshorten-64-to-32 -Wimplicit-function-declaration -Wdivision-by-zero -Wdeprecated-declarations -Wextra-tokens   -fno-common -pipe 
	XCFLAGS = -D_FORTIFY_SOURCE=2 -fstack-protector -fno-strict-overflow -fvisibility=hidden -DRUBY_EXPORT
	CPPFLAGS = -I/usr/local/opt/libyaml/include -I/usr/local/opt/readline/include -I/usr/local/opt/libksba/include -I/usr/local/opt/openssl/include -D_XOPEN_SOURCE -D_DARWIN_C_SOURCE -D_DARWIN_UNLIMITED_SELECT -D_REENTRANT   -I. -I.ext/include/x86_64-darwin17 -I./include -I.
	DLDFLAGS = -Wl,-undefined,dynamic_lookup -Wl,-multiply_defined,suppress -L/usr/local/opt/libyaml/lib -L/usr/local/opt/readline/lib -L/usr/local/opt/libksba/lib -L/usr/local/opt/openssl/lib -install_name /Users/dieguit/.rvm/rubies/ruby-2.3.7/lib/libruby.2.3.0.dylib -compatibility_version 2.3 -current_version 2.3.7  -fstack-protector -Wl,-u,_objc_msgSend -framework Foundation  -fstack-protector -Wl,-u,_objc_msgSend -framework Foundation  
	SOLIBS = -lpthread -ldl -lobjc 
Configured with: --prefix=/Applications/Xcode.app/Contents/Developer/usr --with-gxx-include-dir=/usr/include/c++/4.2.1
Apple LLVM version 10.0.0 (clang-1000.11.45.2)
Target: x86_64-apple-darwin17.7.0
Thread model: posix
InstalledDir: /Applications/Xcode.app/Contents/Developer/Toolchains/XcodeDefault.xctoolchain/usr/bin
generating enc.mk
making srcs under enc
make[1]: Nothing to be done for `srcs'.
generating transdb.h
transdb.h unchanged
generating makefile exts.mk
configuring socket
make[2]: Nothing to be done for `all'.
installing default bigdecimal libraries
installing default date_core libraries
installing digest libraries
installing default digest libraries
installing default sha2 libraries
installing default fiddle libraries
installing default console libraries
installing default libraries
installing default nkf libraries
installing default openssl libraries
installing default pathname libraries
installing default psych libraries
installing default pty libraries
installing default ripper libraries
checking ../.././parse.y and ../.././ext/ripper/eventids2.c
linking shared-object socket.bundle
installing default socket libraries
installing default syslog libraries
installing tcltklib libraries
installing default tcltklib libraries
make[2]: `ruby' is up to date.
making enc
make[1]: Nothing to be done for `enc'.
making trans
make[1]: Nothing to be done for `./enc/trans'.
making encs
./miniruby -I./lib -I. -I.ext/common  ./tool/runruby.rb --extout=.ext  -- --disable-gems -r./x86_64-darwin17-fake ./tool/rbinstall.rb --make="/Applications/Xcode.app/Contents/Developer/usr/bin/make" --dest-dir="" --extout=".ext" --mflags="" --make-flags="" --data-mode=0644 --prog-mode=0755 --installed-list .installed.list --mantype="doc"
installing binary commands:   /Users/dieguit/.rvm/rubies/ruby-2.3.7/bin
installing base libraries:    /Users/dieguit/.rvm/rubies/ruby-2.3.7/lib
installing arch files:        /Users/dieguit/.rvm/rubies/ruby-2.3.7/lib/ruby/2.3.0/x86_64-darwin17
installing pkgconfig data:    /Users/dieguit/.rvm/rubies/ruby-2.3.7/lib/pkgconfig
installing command scripts:   /Users/dieguit/.rvm/rubies/ruby-2.3.7/bin
installing library scripts:   /Users/dieguit/.rvm/rubies/ruby-2.3.7/lib/ruby/2.3.0
installing common headers:    /Users/dieguit/.rvm/rubies/ruby-2.3.7/include/ruby-2.3.0
installing manpages:          /Users/dieguit/.rvm/rubies/ruby-2.3.7/share/man/man1
installing extension objects: /Users/dieguit/.rvm/rubies/ruby-2.3.7/lib/ruby/2.3.0/x86_64-darwin17
installing extension objects: /Users/dieguit/.rvm/rubies/ruby-2.3.7/lib/ruby/site_ruby/2.3.0/x86_64-darwin17
installing extension objects: /Users/dieguit/.rvm/rubies/ruby-2.3.7/lib/ruby/vendor_ruby/2.3.0/x86_64-darwin17
installing extension headers: /Users/dieguit/.rvm/rubies/ruby-2.3.7/include/ruby-2.3.0/x86_64-darwin17
installing extension scripts: /Users/dieguit/.rvm/rubies/ruby-2.3.7/lib/ruby/2.3.0
installing extension scripts: /Users/dieguit/.rvm/rubies/ruby-2.3.7/lib/ruby/site_ruby/2.3.0
installing extension scripts: /Users/dieguit/.rvm/rubies/ruby-2.3.7/lib/ruby/vendor_ruby/2.3.0
installing extension headers: /Users/dieguit/.rvm/rubies/ruby-2.3.7/include/ruby-2.3.0/ruby
installing default gems:      /Users/dieguit/.rvm/rubies/ruby-2.3.7/lib/ruby/gems/2.3.0 (build_info, cache, doc, extensions, gems, specifications)
                              bigdecimal 1.2.8
                              io-console 0.4.5
                              json 1.8.3.1
                              psych 2.1.0.1
                              rdoc 4.2.1
installing bundle gems:       /Users/dieguit/.rvm/rubies/ruby-2.3.7/lib/ruby/gems/2.3.0 (build_info, cache, doc, extensions, gems, specifications)
                              test-unit 3.1.5
                              net-telnet 0.1.1
                              minitest 5.8.5
                              rake 10.4.2
                              power_assert 0.2.6
                              did_you_mean 1.0.0
