+__rvm_make:0> make -j8
	CC = gcc
	LD = ld
	LDSHARED = gcc -dynamiclib
	CFLAGS = -O3 -fno-fast-math -ggdb3 -Wall -Wextra -Wno-unused-parameter -Wno-parentheses -Wno-long-long -Wno-missing-field-initializers -Wunused-variable -Wpointer-arith -Wwrite-strings -Wdeclaration-after-statement -Wshorten-64-to-32 -Wimplicit-function-declaration -Wdivision-by-zero -Wdeprecated-declarations -Wextra-tokens   -fno-common -pipe 
	XCFLAGS = -D_FORTIFY_SOURCE=2 -fstack-protector -fno-strict-overflow -fvisibility=hidden -DRUBY_EXPORT
	CPPFLAGS = -I/usr/local/opt/libyaml/include -I/usr/local/opt/readline/include -I/usr/local/opt/libksba/include -I/usr/local/opt/openssl/include -D_XOPEN_SOURCE -D_DARWIN_C_SOURCE -D_DARWIN_UNLIMITED_SELECT -D_REENTRANT   -I. -I.ext/include/x86_64-darwin17 -I./include -I.
	DLDFLAGS = -Wl,-undefined,dynamic_lookup -Wl,-multiply_defined,suppress -L/usr/local/opt/libyaml/lib -L/usr/local/opt/readline/lib -L/usr/local/opt/libksba/lib -L/usr/local/opt/openssl/lib -install_name /Users/dieguit/.rvm/rubies/ruby-2.3.7/lib/libruby.2.3.0.dylib -compatibility_version 2.3 -current_version 2.3.7  -fstack-protector -Wl,-u,_objc_msgSend -framework Foundation  -fstack-protector -Wl,-u,_objc_msgSend -framework Foundation  
	SOLIBS = -lpthread -ldl -lobjc 
Configured with: --prefix=/Applications/Xcode.app/Contents/Developer/usr --with-gxx-include-dir=/usr/include/c++/4.2.1
Apple LLVM version 10.0.0 (clang-1000.11.45.2)
Target: x86_64-apple-darwin17.7.0
Thread model: posix
InstalledDir: /Applications/Xcode.app/Contents/Developer/Toolchains/XcodeDefault.xctoolchain/usr/bin
translating probes probes.d
compiling main.c
compiling dmydln.c
compiling miniinit.c
compiling dmyext.c
compiling miniprelude.c
compiling bignum.c
compiling class.c
compiling compar.c
compiling complex.c
. ./vm_opts.h
compiling dir.c
compiling dln_find.c
compiling encoding.c
compiling enum.c
compiling enumerator.c
compiling error.c
compiling eval.c
compiling load.c
compiling proc.c
compiling file.c
compiling gc.c
eval.c:776:8: warning: unused variable 'mid' [-Wunused-variable]
    ID mid = me->called_id;
       ^
compiling hash.c
compiling inits.c
compiling io.c
compiling marshal.c
1 warning generated.
compiling math.c
compiling node.c
compiling numeric.c
compiling object.c
compiling pack.c
compiling parse.c
compiling process.c
compiling random.c
compiling range.c
compiling rational.c
compiling re.c
compiling regcomp.c
compiling regenc.c
compiling regerror.c
compiling regexec.c
compiling regparse.c
compiling regsyntax.c
compiling ruby.c
compiling safe.c
compiling signal.c
compiling sprintf.c
compiling st.c
compiling strftime.c
compiling string.c
compiling struct.c
compiling symbol.c
compiling time.c
compiling transcode.c
compiling util.c
compiling variable.c
compiling version.c
compiling compile.c
compiling debug.c
compiling iseq.c
compiling vm.c
compiling vm_dump.c
compiling vm_backtrace.c
compiling vm_trace.c
compiling thread.c
compiling cont.c
thread.c:1085:27: warning: implicit conversion loses integer precision: 'long' to '__darwin_suseconds_t' (aka 'int') [-Wshorten-64-to-32]
        tp->tv_usec = ts.tv_nsec / 1000;
                    ~ ~~~~~~~~~~~^~~~~~
compiling ./missing/explicit_bzero.c
compiling ./missing/setproctitle.c
compiling dmyenc.c
compiling dln.c
compiling localeinit.c
config.status: creating ruby-runner.c
compiling prelude.c
compiling array.c
compiling enc/ascii.c
compiling enc/us_ascii.c
compiling enc/unicode.c
compiling enc/utf_8.c
compiling enc/trans/newline.c
1 warning generated.
linking miniruby
ld: warning: text-based stub file /System/Library/Frameworks//Foundation.framework/Foundation.tbd and library file /System/Library/Frameworks//Foundation.framework/Foundation are out of sync. Falling back to library file for linking.
ld: warning: text-based stub file /System/Library/Frameworks//CoreFoundation.framework/Versions/A/CoreFoundation.tbd and library file /System/Library/Frameworks//CoreFoundation.framework/Versions/A/CoreFoundation are out of sync. Falling back to library file for linking.
generating encdb.h
rbconfig.rb updated
generating enc.mk
creating verconf.h
encdb.h updated
verconf.h updated
compiling loadpath.c
making srcs under enc
make[1]: Nothing to be done for `srcs'.
generating transdb.h
linking static-library libruby.2.3.0-static.a
verifying static-library libruby.2.3.0-static.a
ld: warning: text-based stub file /System/Library/Frameworks//Foundation.framework/Foundation.tbd and library file /System/Library/Frameworks//Foundation.framework/Foundation are out of sync. Falling back to library file for linking.
ld: warning: text-based stub file /System/Library/Frameworks//CoreFoundation.framework/Versions/A/CoreFoundation.tbd and library file /System/Library/Frameworks//CoreFoundation.framework/Versions/A/CoreFoundation are out of sync. Falling back to library file for linking.
transdb.h updated
linking shared-library libruby.2.3.0.dylib
ld: warning: text-based stub file /System/Library/Frameworks//Foundation.framework/Foundation.tbd and library file /System/Library/Frameworks//Foundation.framework/Foundation are out of sync. Falling back to library file for linking.
ld: warning: text-based stub file /System/Library/Frameworks//Foundation.framework/Foundation.tbd and library file /System/Library/Frameworks//Foundation.framework/Foundation are out of sync. Falling back to library file for linking.
ld: warning: text-based stub file /System/Library/Frameworks//CoreFoundation.framework/Versions/A/CoreFoundation.tbd and library file /System/Library/Frameworks//CoreFoundation.framework/Versions/A/CoreFoundation are out of sync. Falling back to library file for linking.
generating makefile exts.mk
making enc
making trans
compiling ./enc/encdb.c
compiling ./enc/trans/transdb.c
compiling ./enc/cp949.c
compiling ./enc/emacs_mule.c
compiling ./enc/trans/big5.c
compiling ./enc/euc_jp.c
compiling ./enc/big5.c
configuring -test-/array/resize
configuring -test-/bignum
configuring -test-/bug-3571
compiling ./enc/euc_kr.c
configuring -test-/bug-5832
configuring -test-/bug_reporter
configuring -test-/class
configuring -test-/debug
configuring -test-/dln/empty
configuring -test-/exception
configuring -test-/fatal
configuring -test-/file
compiling ./enc/trans/chinese.c
compiling ./enc/trans/ebcdic.c
compiling ./enc/trans/emoji.c
compiling ./enc/trans/emoji_iso2022_kddi.c
compiling ./enc/trans/emoji_sjis_docomo.c
compiling ./enc/euc_tw.c
compiling ./enc/gb2312.c
compiling ./enc/trans/emoji_sjis_kddi.c
compiling ./enc/gb18030.c
compiling ./enc/gbk.c
compiling ./enc/iso_8859_1.c
compiling ./enc/trans/emoji_sjis_softbank.c
compiling ./enc/iso_8859_2.c
compiling ./enc/iso_8859_3.c
compiling ./enc/iso_8859_4.c
compiling ./enc/iso_8859_5.c
compiling ./enc/trans/escape.c
compiling ./enc/iso_8859_6.c
compiling ./enc/trans/gb18030.c
compiling ./enc/iso_8859_7.c
compiling ./enc/iso_8859_8.c
compiling ./enc/trans/gbk.c
compiling ./enc/iso_8859_9.c
compiling ./enc/iso_8859_10.c
compiling ./enc/trans/iso2022.c
compiling ./enc/iso_8859_11.c
compiling ./enc/trans/japanese.c
compiling ./enc/trans/japanese_euc.c
compiling ./enc/iso_8859_13.c
compiling ./enc/trans/japanese_sjis.c
configuring -test-/float
configuring -test-/funcall
compiling ./enc/trans/korean.c
configuring -test-/gvl/call_without_gvl
configuring -test-/hash
configuring -test-/iseq_load
configuring -test-/iter
configuring -test-/load/dot.dot
configuring -test-/marshal/compat
configuring -test-/marshal/internal_ivar
configuring -test-/marshal/usr
configuring -test-/method
configuring -test-/notimplement
configuring -test-/num2int
configuring -test-/path_to_class
compiling ./enc/iso_8859_14.c
configuring -test-/popen_deadlock
configuring -test-/postponed_job
configuring -test-/printf
configuring -test-/proc
configuring -test-/rational
configuring -test-/recursion
configuring -test-/st/foreach
configuring -test-/st/numhash
configuring -test-/st/update
configuring -test-/string
configuring -test-/struct
configuring -test-/symbol
compiling ./enc/iso_8859_15.c
compiling ./enc/iso_8859_16.c
compiling ./enc/koi8_r.c
configuring -test-/thread_fd_close
configuring -test-/time
configuring -test-/tracepoint
configuring -test-/typeddata
configuring -test-/vm
configuring -test-/wait_for_single_fd
compiling ./enc/koi8_u.c
configuring bigdecimal
compiling ./enc/trans/single_byte.c
compiling ./enc/shift_jis.c
compiling ./enc/utf_16be.c
compiling ./enc/utf_16le.c
compiling ./enc/utf_32be.c
compiling ./enc/trans/utf8_mac.c
compiling ./enc/trans/utf_16_32.c
compiling ./enc/utf_32le.c
compiling ./enc/windows_31j.c
compiling ./enc/windows_1250.c
compiling ./enc/windows_1251.c
linking transcoder transdb.bundle
compiling ./enc/windows_1252.c
linking transcoder chinese.bundle
linking encoding encdb.bundle
linking encoding big5.bundle
linking transcoder ebcdic.bundle
linking encoding cp949.bundle
linking transcoder emoji.bundle
linking encoding emacs_mule.bundle
linking transcoder emoji_iso2022_kddi.bundle
linking encoding euc_jp.bundle
linking transcoder emoji_sjis_docomo.bundle
linking encoding euc_kr.bundle
linking transcoder emoji_sjis_kddi.bundle
linking encoding euc_tw.bundle
linking transcoder emoji_sjis_softbank.bundle
linking encoding gb2312.bundle
linking encoding gb18030.bundle
linking transcoder escape.bundle
linking encoding gbk.bundle
linking transcoder gb18030.bundle
linking transcoder gbk.bundle
linking transcoder iso2022.bundle
linking encoding iso_8859_1.bundle
linking encoding iso_8859_2.bundle
linking encoding iso_8859_3.bundle
linking transcoder japanese.bundle
linking transcoder japanese_sjis.bundle
linking encoding iso_8859_4.bundle
linking encoding iso_8859_5.bundle
linking transcoder korean.bundle
linking transcoder single_byte.bundle
linking transcoder utf_16_32.bundle
linking transcoder big5.bundle
linking encoding iso_8859_6.bundle
linking encoding iso_8859_7.bundle
linking encoding iso_8859_8.bundle
linking encoding iso_8859_9.bundle
linking encoding iso_8859_10.bundle
linking encoding iso_8859_11.bundle
linking transcoder japanese_euc.bundle
linking encoding iso_8859_13.bundle
linking encoding iso_8859_14.bundle
linking encoding iso_8859_15.bundle
linking encoding iso_8859_16.bundle
linking encoding koi8_r.bundle
linking encoding koi8_u.bundle
linking encoding shift_jis.bundle
linking encoding utf_16be.bundle
linking encoding utf_16le.bundle
linking encoding utf_32be.bundle
linking encoding utf_32le.bundle
linking encoding windows_31j.bundle
linking encoding windows_1250.bundle
linking encoding windows_1251.bundle
linking encoding windows_1252.bundle
linking transcoder utf8_mac.bundle
making encs
configuring cgi/escape
configuring continuation
configuring coverage
configuring date
configuring dbm
header: ndbm.h
library: libc
configuring digest
configuring digest/bubblebabble
configuring digest/md5
configuring digest/rmd160
configuring digest/sha1
configuring digest/sha2
configuring etc
configuring fcntl
configuring fiber
configuring fiddle
configuring gdbm
configuring io/console
configuring io/nonblock
configuring io/wait
configuring json
configuring json/generator
configuring json/parser
configuring mathn/complex
configuring mathn/rational
configuring nkf
configuring objspace
configuring openssl
configuring pathname
configuring psych
configuring pty
configuring racc/cparse
configuring rbconfig/sizeof
configuring readline
configuring ripper
configuring sdbm
configuring socket
configuring stringio
configuring strscan
configuring syslog
configuring thread
configuring tk
............
check struct members..
check libraries....
Use ActiveTcl libraries (if available).
Search tclConfig.sh and tkConfig.sh...................................
Valid [tclConfig.sh, tkConfig.sh] are found in [["/System/Library/Frameworks/Tcl.framework", "/System/Library/Frameworks/Tk.framework"], ["/System/Library/Frameworks/Tcl.framework/Versions/Current", "/System/Library/Frameworks/Tk.framework/Versions/Current"], ["/System/Library/Frameworks/Tcl.framework/Versions/8.5", "/System/Library/Frameworks/Tk.framework/Versions/8.5"]]
Use [tclConfig.sh, tkConfig.sh] == ["/System/Library/Frameworks/Tcl.framework/tclConfig.sh", "/System/Library/Frameworks/Tk.framework/tkConfig.sh"]
Use MacOS X Frameworks.

Find Tcl/Tk libraries. Make tcltklib.so which is required by Ruby/Tk.
configuring tk/tkutil
configuring zlib
compiling resize.c
compiling bug.c
compiling bug.c
compiling bug_reporter.c
compiling str2big.c
compiling init.c
compiling inspector.c
compiling empty.c
linking shared-object -test-/dln/empty.bundle
compiling class2name.c
compiling mul.c
linking shared-object -test-/array/resize.bundle
linking shared-object -test-/bug-5832/bug.bundle
linking shared-object -test-/bug_reporter/bug_reporter.bundle
compiling init.c
linking shared-object -test-/bug-3571/bug.bundle
compiling dataerror.c
compiling init.c
compiling init.c
compiling profile_frames.c
compiling rb_fatal.c
linking shared-object -test-/class.bundle
compiling enc_raise.c
compiling init.c
compiling ensured.c
compiling div.c
compiling fs.c
compiling init.c
linking shared-object -test-/debug.bundle
linking shared-object -test-/fatal/rb_fatal.bundle
compiling passing_block.c
compiling intpack.c
compiling nextafter.c
compiling big2str.c
linking shared-object -test-/exception.bundle
compiling call_without_gvl.c
compiling stat.c
compiling init.c
compiling bigzero.c
linking shared-object -test-/funcall/funcall.bundle
linking shared-object -test-/float.bundle
compiling delete.c
linking shared-object -test-/gvl/call_without_gvl.bundle
linking shared-object -test-/file.bundle
compiling iseq_load.c
compiling init.c
compiling break.c
compiling dot.dot.c
compiling yield.c
linking shared-object -test-/bignum.bundle
compiling usrcompat.c
linking shared-object -test-/load/dot.dot/dot.dot.bundle
linking shared-object -test-/hash.bundle
linking shared-object -test-/iseq_load/iseq_load.bundle
compiling internal_ivar.c
compiling usrmarshal.c
compiling init.c
compiling bug.c
compiling arity.c
compiling num2int.c
linking shared-object -test-/iter.bundle
linking shared-object -test-/marshal/compat.bundle
linking shared-object -test-/marshal/internal_ivar.bundle
compiling path_to_class.c
linking shared-object -test-/marshal/usr.bundle
linking shared-object -test-/notimplement.bundle
make[2]: Nothing to be done for `all'.
linking shared-object -test-/method.bundle
compiling postponed_job.c
compiling printf.c
compiling super.c
compiling receiver.c
compiling rat.c
compiling init.c
linking shared-object -test-/num2int/num2int.bundle
linking shared-object -test-/path_to_class/path_to_class.bundle
linking shared-object -test-/postponed_job.bundle
compiling recursion.c
compiling foreach.c
compiling update.c
compiling numhash.c
linking shared-object -test-/proc.bundle
linking shared-object -test-/rational.bundle
linking shared-object -test-/printf.bundle
compiling coderange.c
compiling duplicate.c
compiling init.c
compiling fstring.c
linking shared-object -test-/recursion.bundle
linking shared-object -test-/st/update.bundle
linking shared-object -test-/st/numhash.bundle
compiling member.c
compiling enc_associate.c
linking shared-object -test-/st/foreach.bundle
compiling init.c
compiling thread_fd_close.c
compiling init.c
compiling init.c
compiling gc_hook.c
compiling type.c
linking shared-object -test-/struct.bundle
compiling new.c
compiling tracepoint.c
compiling cstr.c
linking shared-object -test-/thread_fd_close.bundle
compiling typeddata.c
compiling qsort.c
compiling nofree.c
compiling at_exit.c
linking shared-object -test-/symbol.bundle
compiling ellipsize.c
linking shared-object -test-/typeddata/typeddata.bundle
linking shared-object -test-/time.bundle
linking shared-object -test-/tracepoint.bundle
linking shared-object -test-/vm/at_exit.bundle
compiling wait_for_single_fd.c
compiling normalize.c
compiling bigdecimal.c
compiling modify.c
compiling escape.c
compiling continuation.c
compiling set_len.c
compiling coverage.c
linking shared-object -test-/wait_for_single_fd/wait_for_single_fd.bundle
linking shared-object continuation.bundle
compiling date_core.c
compiling dbm.c
linking shared-object cgi/escape.bundle
compiling date_parse.c
compiling digest.c
compiling enc_str_buf_cat.c
installing default bigdecimal libraries
compiling date_strftime.c
linking shared-object coverage.bundle
linking shared-object -test-/string.bundle
compiling date_strptime.c
installing default date_core libraries
linking shared-object digest.bundle
compiling bubblebabble.c
installing digest libraries
installing default digest libraries
linking shared-object dbm.bundle
linking shared-object digest/bubblebabble.bundle
compiling md5init.c
compiling rmd160init.c
compiling sha1init.c
linking shared-object digest/md5.bundle
compiling sha2init.c
linking shared-object digest/rmd160.bundle
linking shared-object digest/sha1.bundle
generating constant definitions
compiling etc.c
compiling fcntl.c
installing default sha2 libraries
compiling fiber.c
linking shared-object digest/sha2.bundle
linking shared-object fiber.bundle
compiling closure.c
linking shared-object fcntl.bundle
compiling conversions.c
compiling fiddle.c
compiling gdbm.c
compiling console.c
compiling nonblock.c
compiling function.c
linking shared-object etc.bundle
linking shared-object io/nonblock.bundle
compiling handle.c
compiling pointer.c
compiling wait.c
installing default console libraries
linking shared-object io/console.bundle
linking shared-object io/wait.bundle
compiling generator.c
compiling parser.c
installing default libraries
compiling complex.c
linking shared-object fiddle.bundle
linking shared-object gdbm.bundle
linking shared-object mathn/complex.bundle
installing default fiddle libraries
compiling rational.c
compiling nkf.c
compiling object_tracing.c
linking shared-object mathn/rational.bundle
installing default nkf libraries
compiling objspace.c
compiling openssl_missing.c
compiling pathname.c
compiling ossl.c
In file included from ossl.c:10:
In file included from ./ossl.h:236:
./ossl_pkey.h:45:5: warning: macro expansion producing 'defined' has undefined behavior [-Wexpansion-to-defined]
#if HAVE_BN_GENCB
    ^
./ossl_pkey.h:44:23: note: expanded from macro 'HAVE_BN_GENCB'
#define HAVE_BN_GENCB defined(HAVE_RSA_GENERATE_KEY_EX) || defined(HAVE_DH_GENERATE_PARAMETERS_EX) || defined(HAVE_DSA_GENERATE_PARAMETERS_EX)
                      ^
./ossl_pkey.h:45:5: warning: macro expansion producing 'defined' has undefined behavior [-Wexpansion-to-defined]
./ossl_pkey.h:44:60: note: expanded from macro 'HAVE_BN_GENCB'
#define HAVE_BN_GENCB defined(HAVE_RSA_GENERATE_KEY_EX) || defined(HAVE_DH_GENERATE_PARAMETERS_EX) || defined(HAVE_DSA_GENERATE_PARAMETERS_EX)
                                                           ^
./ossl_pkey.h:45:5: warning: macro expansion producing 'defined' has undefined behavior [-Wexpansion-to-defined]
./ossl_pkey.h:44:103: note: expanded from macro 'HAVE_BN_GENCB'
#define HAVE_BN_GENCB defined(HAVE_RSA_GENERATE_KEY_EX) || defined(HAVE_DH_GENERATE_PARAMETERS_EX) || defined(HAVE_DSA_GENERATE_PARAMETERS_EX)
                                                                                                      ^
linking shared-object json/ext/parser.bundle
compiling objspace_dump.c
3 warnings generated.
linking shared-object json/ext/generator.bundle
compiling ossl_asn1.c
installing default pathname libraries
compiling psych.c
compiling pty.c
compiling psych_emitter.c
linking shared-object pathname.bundle
In file included from ossl_asn1.c:10:
In file included from ./ossl.h:236:
./ossl_pkey.h:45:5: warning: macro expansion producing 'defined' has undefined behavior [-Wexpansion-to-defined]
#if HAVE_BN_GENCB
    ^
./ossl_pkey.h:44:23: note: expanded from macro 'HAVE_BN_GENCB'
#define HAVE_BN_GENCB defined(HAVE_RSA_GENERATE_KEY_EX) || defined(HAVE_DH_GENERATE_PARAMETERS_EX) || defined(HAVE_DSA_GENERATE_PARAMETERS_EX)
                      ^
./ossl_pkey.h:45:5: warning: macro expansion producing 'defined' has undefined behavior [-Wexpansion-to-defined]
./ossl_pkey.h:44:60: note: expanded from macro 'HAVE_BN_GENCB'
#define HAVE_BN_GENCB defined(HAVE_RSA_GENERATE_KEY_EX) || defined(HAVE_DH_GENERATE_PARAMETERS_EX) || defined(HAVE_DSA_GENERATE_PARAMETERS_EX)
                                                           ^
./ossl_pkey.h:45:5: warning: macro expansion producing 'defined' has undefined behavior [-Wexpansion-to-defined]
./ossl_pkey.h:44:103: note: expanded from macro 'HAVE_BN_GENCB'
#define HAVE_BN_GENCB defined(HAVE_RSA_GENERATE_KEY_EX) || defined(HAVE_DH_GENERATE_PARAMETERS_EX) || defined(HAVE_DSA_GENERATE_PARAMETERS_EX)
                                                                                                      ^
linking shared-object objspace.bundle
compiling ossl_bio.c
installing default pty libraries
compiling psych_parser.c
linking shared-object pty.bundle
compiling ossl_bn.c
compiling psych_to_ruby.c
In file included from ossl_bio.c:10:
In file included from ./ossl.h:236:
./ossl_pkey.h:45:5: warning: macro expansion producing 'defined' has undefined behavior [-Wexpansion-to-defined]
#if HAVE_BN_GENCB
    ^
./ossl_pkey.h:44:23: note: expanded from macro 'HAVE_BN_GENCB'
#define HAVE_BN_GENCB defined(HAVE_RSA_GENERATE_KEY_EX) || defined(HAVE_DH_GENERATE_PARAMETERS_EX) || defined(HAVE_DSA_GENERATE_PARAMETERS_EX)
                      ^
./ossl_pkey.h:45:5: warning: macro expansion producing 'defined' has undefined behavior [-Wexpansion-to-defined]
./ossl_pkey.h:44:60: note: expanded from macro 'HAVE_BN_GENCB'
#define HAVE_BN_GENCB defined(HAVE_RSA_GENERATE_KEY_EX) || defined(HAVE_DH_GENERATE_PARAMETERS_EX) || defined(HAVE_DSA_GENERATE_PARAMETERS_EX)
                                                           ^
./ossl_pkey.h:45:5: warning: macro expansion producing 'defined' has undefined behavior [-Wexpansion-to-defined]
./ossl_pkey.h:44:103: note: expanded from macro 'HAVE_BN_GENCB'
#define HAVE_BN_GENCB defined(HAVE_RSA_GENERATE_KEY_EX) || defined(HAVE_DH_GENERATE_PARAMETERS_EX) || defined(HAVE_DSA_GENERATE_PARAMETERS_EX)
                                                                                                      ^
3 warnings generated.
compiling cparse.c
compiling ossl_cipher.c
In file included from ossl_bn.c:11:
In file included from ./ossl.h:236:
./ossl_pkey.h:45:5: warning: macro expansion producing 'defined' has undefined behavior [-Wexpansion-to-defined]
#if HAVE_BN_GENCB
    ^
./ossl_pkey.h:44:23: note: expanded from macro 'HAVE_BN_GENCB'
#define HAVE_BN_GENCB defined(HAVE_RSA_GENERATE_KEY_EX) || defined(HAVE_DH_GENERATE_PARAMETERS_EX) || defined(HAVE_DSA_GENERATE_PARAMETERS_EX)
                      ^
./ossl_pkey.h:45:5: warning: macro expansion producing 'defined' has undefined behavior [-Wexpansion-to-defined]
./ossl_pkey.h:44:60: note: expanded from macro 'HAVE_BN_GENCB'
#define HAVE_BN_GENCB defined(HAVE_RSA_GENERATE_KEY_EX) || defined(HAVE_DH_GENERATE_PARAMETERS_EX) || defined(HAVE_DSA_GENERATE_PARAMETERS_EX)
                                                           ^
./ossl_pkey.h:45:5: warning: macro expansion producing 'defined' has undefined behavior [-Wexpansion-to-defined]
./ossl_pkey.h:44:103: note: expanded from macro 'HAVE_BN_GENCB'
#define HAVE_BN_GENCB defined(HAVE_RSA_GENERATE_KEY_EX) || defined(HAVE_DH_GENERATE_PARAMETERS_EX) || defined(HAVE_DSA_GENERATE_PARAMETERS_EX)
                                                                                                      ^
compiling psych_yaml_tree.c
In file included from ossl_cipher.c:10:
In file included from ./ossl.h:236:
./ossl_pkey.h:45:5: warning: macro expansion producing 'defined' has undefined behavior [-Wexpansion-to-defined]
#if HAVE_BN_GENCB
    ^
./ossl_pkey.h:44:23: note: expanded from macro 'HAVE_BN_GENCB'
#define HAVE_BN_GENCB defined(HAVE_RSA_GENERATE_KEY_EX) || defined(HAVE_DH_GENERATE_PARAMETERS_EX) || defined(HAVE_DSA_GENERATE_PARAMETERS_EX)
                      ^
./ossl_pkey.h:45:5: warning: macro expansion producing 'defined' has undefined behavior [-Wexpansion-to-defined]
./ossl_pkey.h:44:60: note: expanded from macro 'HAVE_BN_GENCB'
#define HAVE_BN_GENCB defined(HAVE_RSA_GENERATE_KEY_EX) || defined(HAVE_DH_GENERATE_PARAMETERS_EX) || defined(HAVE_DSA_GENERATE_PARAMETERS_EX)
                                                           ^
./ossl_pkey.h:45:5: warning: macro expansion producing 'defined' has undefined behavior [-Wexpansion-to-defined]
./ossl_pkey.h:44:103: note: expanded from macro 'HAVE_BN_GENCB'
#define HAVE_BN_GENCB defined(HAVE_RSA_GENERATE_KEY_EX) || defined(HAVE_DH_GENERATE_PARAMETERS_EX) || defined(HAVE_DSA_GENERATE_PARAMETERS_EX)
                                                                                                      ^
linking shared-object racc/cparse.bundle
3 warnings generated.
compiling sizes.c
linking shared-object bigdecimal.bundle
3 warnings generated.
compiling readline.c
compiling ripper.c
compiling ossl_config.c
linking shared-object rbconfig/sizeof.bundle
3 warnings generated.
compiling ossl_digest.c
compiling _sdbm.c
In file included from ossl_config.c:10:
In file included from ./ossl.h:236:
./ossl_pkey.h:45:5: warning: macro expansion producing 'defined' has undefined behavior [-Wexpansion-to-defined]
#if HAVE_BN_GENCB
    ^
./ossl_pkey.h:44:23: note: expanded from macro 'HAVE_BN_GENCB'
#define HAVE_BN_GENCB defined(HAVE_RSA_GENERATE_KEY_EX) || defined(HAVE_DH_GENERATE_PARAMETERS_EX) || defined(HAVE_DSA_GENERATE_PARAMETERS_EX)
                      ^
./ossl_pkey.h:45:5: warning: macro expansion producing 'defined' has undefined behavior [-Wexpansion-to-defined]
./ossl_pkey.h:44:60: note: expanded from macro 'HAVE_BN_GENCB'
#define HAVE_BN_GENCB defined(HAVE_RSA_GENERATE_KEY_EX) || defined(HAVE_DH_GENERATE_PARAMETERS_EX) || defined(HAVE_DSA_GENERATE_PARAMETERS_EX)
                                                           ^
./ossl_pkey.h:45:5: warning: macro expansion producing 'defined' has undefined behavior [-Wexpansion-to-defined]
./ossl_pkey.h:44:103: note: expanded from macro 'HAVE_BN_GENCB'
#define HAVE_BN_GENCB defined(HAVE_RSA_GENERATE_KEY_EX) || defined(HAVE_DH_GENERATE_PARAMETERS_EX) || defined(HAVE_DSA_GENERATE_PARAMETERS_EX)
                                                                                                      ^
linking shared-object psych.bundle
3 warnings generated.
compiling init.c
installing default psych libraries
compiling ossl_engine.c
In file included from ossl_digest.c:10:
In file included from ./ossl.h:236:
./ossl_pkey.h:45:5: warning: macro expansion producing 'defined' has undefined behavior [-Wexpansion-to-defined]
#if HAVE_BN_GENCB
    ^
./ossl_pkey.h:44:23: note: expanded from macro 'HAVE_BN_GENCB'
#define HAVE_BN_GENCB defined(HAVE_RSA_GENERATE_KEY_EX) || defined(HAVE_DH_GENERATE_PARAMETERS_EX) || defined(HAVE_DSA_GENERATE_PARAMETERS_EX)
                      ^
./ossl_pkey.h:45:5: warning: macro expansion producing 'defined' has undefined behavior [-Wexpansion-to-defined]
./ossl_pkey.h:44:60: note: expanded from macro 'HAVE_BN_GENCB'
#define HAVE_BN_GENCB defined(HAVE_RSA_GENERATE_KEY_EX) || defined(HAVE_DH_GENERATE_PARAMETERS_EX) || defined(HAVE_DSA_GENERATE_PARAMETERS_EX)
                                                           ^
./ossl_pkey.h:45:5: warning: macro expansion producing 'defined' has undefined behavior [-Wexpansion-to-defined]
./ossl_pkey.h:44:103: note: expanded from macro 'HAVE_BN_GENCB'
#define HAVE_BN_GENCB defined(HAVE_RSA_GENERATE_KEY_EX) || defined(HAVE_DH_GENERATE_PARAMETERS_EX) || defined(HAVE_DSA_GENERATE_PARAMETERS_EX)
                                                                                                      ^
3 warnings generated.
ripper.y:393:1: warning: unused function 'set_line_body' [-Wunused-function]
set_line_body(NODE *body, int line)
^
generating constant definitions
In file included from ossl_engine.c:10:
In file included from ./ossl.h:236:
./ossl_pkey.h:45:5: warning: macro expansion producing 'defined' has undefined behavior [-Wexpansion-to-defined]
#if HAVE_BN_GENCB
    ^
./ossl_pkey.h:44:23: note: expanded from macro 'HAVE_BN_GENCB'
#define HAVE_BN_GENCB defined(HAVE_RSA_GENERATE_KEY_EX) || defined(HAVE_DH_GENERATE_PARAMETERS_EX) || defined(HAVE_DSA_GENERATE_PARAMETERS_EX)
                      ^
./ossl_pkey.h:45:5: warning: macro expansion producing 'defined' has undefined behavior [-Wexpansion-to-defined]
./ossl_pkey.h:44:60: note: expanded from macro 'HAVE_BN_GENCB'
#define HAVE_BN_GENCB defined(HAVE_RSA_GENERATE_KEY_EX) || defined(HAVE_DH_GENERATE_PARAMETERS_EX) || defined(HAVE_DSA_GENERATE_PARAMETERS_EX)
                                                           ^
./ossl_pkey.h:45:5: warning: macro expansion producing 'defined' has undefined behavior [-Wexpansion-to-defined]
./ossl_pkey.h:44:103: note: expanded from macro 'HAVE_BN_GENCB'
#define HAVE_BN_GENCB defined(HAVE_RSA_GENERATE_KEY_EX) || defined(HAVE_DH_GENERATE_PARAMETERS_EX) || defined(HAVE_DSA_GENERATE_PARAMETERS_EX)
                                                                                                      ^
generating constant definitions
linking shared-object readline.bundle
compiling ossl_hmac.c
3 warnings generated.
compiling stringio.c
linking shared-object sdbm.bundle
compiling basicsocket.c
compiling strscan.c
compiling ossl_ns_spki.c
In file included from ossl_hmac.c:12:
In file included from ./ossl.h:236:
./ossl_pkey.h:45:5: warning: macro expansion producing 'defined' has undefined behavior [-Wexpansion-to-defined]
#if HAVE_BN_GENCB
    ^
./ossl_pkey.h:44:23: note: expanded from macro 'HAVE_BN_GENCB'
#define HAVE_BN_GENCB defined(HAVE_RSA_GENERATE_KEY_EX) || defined(HAVE_DH_GENERATE_PARAMETERS_EX) || defined(HAVE_DSA_GENERATE_PARAMETERS_EX)
                      ^
./ossl_pkey.h:45:5: warning: macro expansion producing 'defined' has undefined behavior [-Wexpansion-to-defined]
./ossl_pkey.h:44:60: note: expanded from macro 'HAVE_BN_GENCB'
#define HAVE_BN_GENCB defined(HAVE_RSA_GENERATE_KEY_EX) || defined(HAVE_DH_GENERATE_PARAMETERS_EX) || defined(HAVE_DSA_GENERATE_PARAMETERS_EX)
                                                           ^
./ossl_pkey.h:45:5: warning: macro expansion producing 'defined' has undefined behavior [-Wexpansion-to-defined]
./ossl_pkey.h:44:103: note: expanded from macro 'HAVE_BN_GENCB'
#define HAVE_BN_GENCB defined(HAVE_RSA_GENERATE_KEY_EX) || defined(HAVE_DH_GENERATE_PARAMETERS_EX) || defined(HAVE_DSA_GENERATE_PARAMETERS_EX)
                                                                                                      ^
3 warnings generated.
compiling socket.c
compiling ossl_ocsp.c
In file included from ossl_ns_spki.c:10:
In file included from ./ossl.h:236:
./ossl_pkey.h:45:5: warning: macro expansion producing 'defined' has undefined behavior [-Wexpansion-to-defined]
#if HAVE_BN_GENCB
    ^
./ossl_pkey.h:44:23: note: expanded from macro 'HAVE_BN_GENCB'
#define HAVE_BN_GENCB defined(HAVE_RSA_GENERATE_KEY_EX) || defined(HAVE_DH_GENERATE_PARAMETERS_EX) || defined(HAVE_DSA_GENERATE_PARAMETERS_EX)
                      ^
./ossl_pkey.h:45:5: warning: macro expansion producing 'defined' has undefined behavior [-Wexpansion-to-defined]
./ossl_pkey.h:44:60: note: expanded from macro 'HAVE_BN_GENCB'
#define HAVE_BN_GENCB defined(HAVE_RSA_GENERATE_KEY_EX) || defined(HAVE_DH_GENERATE_PARAMETERS_EX) || defined(HAVE_DSA_GENERATE_PARAMETERS_EX)
                                                           ^
./ossl_pkey.h:45:5: warning: macro expansion producing 'defined' has undefined behavior [-Wexpansion-to-defined]
./ossl_pkey.h:44:103: note: expanded from macro 'HAVE_BN_GENCB'
#define HAVE_BN_GENCB defined(HAVE_RSA_GENERATE_KEY_EX) || defined(HAVE_DH_GENERATE_PARAMETERS_EX) || defined(HAVE_DSA_GENERATE_PARAMETERS_EX)
                                                                                                      ^
3 warnings generated.
compiling syslog.c
In file included from ossl_ocsp.c:11:
In file included from ./ossl.h:236:
./ossl_pkey.h:45:5: warning: macro expansion producing 'defined' has undefined behavior [-Wexpansion-to-defined]
#if HAVE_BN_GENCB
    ^
./ossl_pkey.h:44:23: note: expanded from macro 'HAVE_BN_GENCB'
#define HAVE_BN_GENCB defined(HAVE_RSA_GENERATE_KEY_EX) || defined(HAVE_DH_GENERATE_PARAMETERS_EX) || defined(HAVE_DSA_GENERATE_PARAMETERS_EX)
                      ^
./ossl_pkey.h:45:5: warning: macro expansion producing 'defined' has undefined behavior [-Wexpansion-to-defined]
./ossl_pkey.h:44:60: note: expanded from macro 'HAVE_BN_GENCB'
#define HAVE_BN_GENCB defined(HAVE_RSA_GENERATE_KEY_EX) || defined(HAVE_DH_GENERATE_PARAMETERS_EX) || defined(HAVE_DSA_GENERATE_PARAMETERS_EX)
                                                           ^
./ossl_pkey.h:45:5: warning: macro expansion producing 'defined' has undefined behavior [-Wexpansion-to-defined]
./ossl_pkey.h:44:103: note: expanded from macro 'HAVE_BN_GENCB'
#define HAVE_BN_GENCB defined(HAVE_RSA_GENERATE_KEY_EX) || defined(HAVE_DH_GENERATE_PARAMETERS_EX) || defined(HAVE_DSA_GENERATE_PARAMETERS_EX)
                                                                                                      ^
linking shared-object strscan.bundle
compiling ipsocket.c
linking shared-object syslog.bundle
installing default syslog libraries
linking shared-object stringio.bundle
compiling ossl_pkcs12.c
3 warnings generated.
compiling tcpsocket.c
compiling thread.c
compiling ossl_pkcs5.c
compiling stubs.c
linking shared-object thread.bundle
In file included from ossl_pkcs12.c:5:
In file included from ./ossl.h:236:
./ossl_pkey.h:45:5: warning: macro expansion producing 'defined' has undefined behavior [-Wexpansion-to-defined]
#if HAVE_BN_GENCB
    ^
./ossl_pkey.h:44:23: note: expanded from macro 'HAVE_BN_GENCB'
#define HAVE_BN_GENCB defined(HAVE_RSA_GENERATE_KEY_EX) || defined(HAVE_DH_GENERATE_PARAMETERS_EX) || defined(HAVE_DSA_GENERATE_PARAMETERS_EX)
                      ^
./ossl_pkey.h:45:5: warning: macro expansion producing 'defined' has undefined behavior [-Wexpansion-to-defined]
./ossl_pkey.h:44:60: note: expanded from macro 'HAVE_BN_GENCB'
#define HAVE_BN_GENCB defined(HAVE_RSA_GENERATE_KEY_EX) || defined(HAVE_DH_GENERATE_PARAMETERS_EX) || defined(HAVE_DSA_GENERATE_PARAMETERS_EX)
                                                           ^
./ossl_pkey.h:45:5: warning: macro expansion producing 'defined' has undefined behavior [-Wexpansion-to-defined]
./ossl_pkey.h:44:103: note: expanded from macro 'HAVE_BN_GENCB'
#define HAVE_BN_GENCB defined(HAVE_RSA_GENERATE_KEY_EX) || defined(HAVE_DH_GENERATE_PARAMETERS_EX) || defined(HAVE_DSA_GENERATE_PARAMETERS_EX)
                                                                                                      ^
compiling tcpserver.c
checking ../.././parse.y and ../.././ext/ripper/eventids2.c
In file included from ossl_pkcs5.c:4:
In file included from ./ossl.h:236:
./ossl_pkey.h:45:5: warning: macro expansion producing 'defined' has undefined behavior [-Wexpansion-to-defined]
#if HAVE_BN_GENCB
    ^
./ossl_pkey.h:44:23: note: expanded from macro 'HAVE_BN_GENCB'
#define HAVE_BN_GENCB defined(HAVE_RSA_GENERATE_KEY_EX) || defined(HAVE_DH_GENERATE_PARAMETERS_EX) || defined(HAVE_DSA_GENERATE_PARAMETERS_EX)
                      ^
./ossl_pkey.h:45:5: warning: macro expansion producing 'defined' has undefined behavior [-Wexpansion-to-defined]
./ossl_pkey.h:44:60: note: expanded from macro 'HAVE_BN_GENCB'
#define HAVE_BN_GENCB defined(HAVE_RSA_GENERATE_KEY_EX) || defined(HAVE_DH_GENERATE_PARAMETERS_EX) || defined(HAVE_DSA_GENERATE_PARAMETERS_EX)
                                                           ^
./ossl_pkey.h:45:5: warning: macro expansion producing 'defined' has undefined behavior [-Wexpansion-to-defined]
./ossl_pkey.h:44:103: note: expanded from macro 'HAVE_BN_GENCB'
#define HAVE_BN_GENCB defined(HAVE_RSA_GENERATE_KEY_EX) || defined(HAVE_DH_GENERATE_PARAMETERS_EX) || defined(HAVE_DSA_GENERATE_PARAMETERS_EX)
                                                                                                      ^
3 warnings generated.
compiling sockssocket.c
3 warnings generated.
compiling ossl_pkcs7.c
compiling tkutil.c
compiling tcltklib.c
installing default ripper libraries
compiling zlib.c
compiling udpsocket.c
In file included from ossl_pkcs7.c:10:
In file included from ./ossl.h:236:
./ossl_pkey.h:45:5: warning: macro expansion producing 'defined' has undefined behavior [-Wexpansion-to-defined]
#if HAVE_BN_GENCB
    ^
./ossl_pkey.h:44:23: note: expanded from macro 'HAVE_BN_GENCB'
#define HAVE_BN_GENCB defined(HAVE_RSA_GENERATE_KEY_EX) || defined(HAVE_DH_GENERATE_PARAMETERS_EX) || defined(HAVE_DSA_GENERATE_PARAMETERS_EX)
                      ^
./ossl_pkey.h:45:5: warning: macro expansion producing 'defined' has undefined behavior [-Wexpansion-to-defined]
./ossl_pkey.h:44:60: note: expanded from macro 'HAVE_BN_GENCB'
#define HAVE_BN_GENCB defined(HAVE_RSA_GENERATE_KEY_EX) || defined(HAVE_DH_GENERATE_PARAMETERS_EX) || defined(HAVE_DSA_GENERATE_PARAMETERS_EX)
                                                           ^
./ossl_pkey.h:45:5: warning: macro expansion producing 'defined' has undefined behavior [-Wexpansion-to-defined]
./ossl_pkey.h:44:103: note: expanded from macro 'HAVE_BN_GENCB'
#define HAVE_BN_GENCB defined(HAVE_RSA_GENERATE_KEY_EX) || defined(HAVE_DH_GENERATE_PARAMETERS_EX) || defined(HAVE_DSA_GENERATE_PARAMETERS_EX)
                                                                                                      ^
compiling unixsocket.c
3 warnings generated.
compiling ossl_pkey.c
compiling unixserver.c
compiling option.c
In file included from ossl_pkey.c:10:
In file included from ./ossl.h:236:
./ossl_pkey.h:45:5: warning: macro expansion producing 'defined' has undefined behavior [-Wexpansion-to-defined]
#if HAVE_BN_GENCB
    ^
./ossl_pkey.h:44:23: note: expanded from macro 'HAVE_BN_GENCB'
#define HAVE_BN_GENCB defined(HAVE_RSA_GENERATE_KEY_EX) || defined(HAVE_DH_GENERATE_PARAMETERS_EX) || defined(HAVE_DSA_GENERATE_PARAMETERS_EX)
                      ^
./ossl_pkey.h:45:5: warning: macro expansion producing 'defined' has undefined behavior [-Wexpansion-to-defined]
./ossl_pkey.h:44:60: note: expanded from macro 'HAVE_BN_GENCB'
#define HAVE_BN_GENCB defined(HAVE_RSA_GENERATE_KEY_EX) || defined(HAVE_DH_GENERATE_PARAMETERS_EX) || defined(HAVE_DSA_GENERATE_PARAMETERS_EX)
                                                           ^
./ossl_pkey.h:45:5: warning: macro expansion producing 'defined' has undefined behavior [-Wexpansion-to-defined]
./ossl_pkey.h:44:103: note: expanded from macro 'HAVE_BN_GENCB'
#define HAVE_BN_GENCB defined(HAVE_RSA_GENERATE_KEY_EX) || defined(HAVE_DH_GENERATE_PARAMETERS_EX) || defined(HAVE_DSA_GENERATE_PARAMETERS_EX)
                                                                                                      ^
ossl_pkey.c:35:5: warning: macro expansion producing 'defined' has undefined behavior [-Wexpansion-to-defined]
#if HAVE_BN_GENCB
    ^
./ossl_pkey.h:44:23: note: expanded from macro 'HAVE_BN_GENCB'
#define HAVE_BN_GENCB defined(HAVE_RSA_GENERATE_KEY_EX) || defined(HAVE_DH_GENERATE_PARAMETERS_EX) || defined(HAVE_DSA_GENERATE_PARAMETERS_EX)
                      ^
ossl_pkey.c:35:5: warning: macro expansion producing 'defined' has undefined behavior [-Wexpansion-to-defined]
./ossl_pkey.h:44:60: note: expanded from macro 'HAVE_BN_GENCB'
#define HAVE_BN_GENCB defined(HAVE_RSA_GENERATE_KEY_EX) || defined(HAVE_DH_GENERATE_PARAMETERS_EX) || defined(HAVE_DSA_GENERATE_PARAMETERS_EX)
                                                           ^
ossl_pkey.c:35:5: warning: macro expansion producing 'defined' has undefined behavior [-Wexpansion-to-defined]
./ossl_pkey.h:44:103: note: expanded from macro 'HAVE_BN_GENCB'
#define HAVE_BN_GENCB defined(HAVE_RSA_GENERATE_KEY_EX) || defined(HAVE_DH_GENERATE_PARAMETERS_EX) || defined(HAVE_DSA_GENERATE_PARAMETERS_EX)
                                                                                                      ^
linking shared-object tkutil.bundle
6 warnings generated.
installing tcltklib libraries
compiling ossl_pkey_dh.c
compiling ancdata.c
linking shared-object nkf.bundle
compiling ossl_pkey_dsa.c
In file included from ossl_pkey_dh.c:12:
In file included from ./ossl.h:236:
./ossl_pkey.h:45:5: warning: macro expansion producing 'defined' has undefined behavior [-Wexpansion-to-defined]
#if HAVE_BN_GENCB
    ^
./ossl_pkey.h:44:23: note: expanded from macro 'HAVE_BN_GENCB'
#define HAVE_BN_GENCB defined(HAVE_RSA_GENERATE_KEY_EX) || defined(HAVE_DH_GENERATE_PARAMETERS_EX) || defined(HAVE_DSA_GENERATE_PARAMETERS_EX)
                      ^
./ossl_pkey.h:45:5: warning: macro expansion producing 'defined' has undefined behavior [-Wexpansion-to-defined]
./ossl_pkey.h:44:60: note: expanded from macro 'HAVE_BN_GENCB'
#define HAVE_BN_GENCB defined(HAVE_RSA_GENERATE_KEY_EX) || defined(HAVE_DH_GENERATE_PARAMETERS_EX) || defined(HAVE_DSA_GENERATE_PARAMETERS_EX)
                                                           ^
./ossl_pkey.h:45:5: warning: macro expansion producing 'defined' has undefined behavior [-Wexpansion-to-defined]
./ossl_pkey.h:44:103: note: expanded from macro 'HAVE_BN_GENCB'
#define HAVE_BN_GENCB defined(HAVE_RSA_GENERATE_KEY_EX) || defined(HAVE_DH_GENERATE_PARAMETERS_EX) || defined(HAVE_DSA_GENERATE_PARAMETERS_EX)
                                                                                                      ^
ossl_pkey_dh.c:85:48: warning: macro expansion producing 'defined' has undefined behavior [-Wexpansion-to-defined]
#if defined(HAVE_DH_GENERATE_PARAMETERS_EX) && HAVE_BN_GENCB
                                               ^
./ossl_pkey.h:44:23: note: expanded from macro 'HAVE_BN_GENCB'
#define HAVE_BN_GENCB defined(HAVE_RSA_GENERATE_KEY_EX) || defined(HAVE_DH_GENERATE_PARAMETERS_EX) || defined(HAVE_DSA_GENERATE_PARAMETERS_EX)
                      ^
ossl_pkey_dh.c:85:48: warning: macro expansion producing 'defined' has undefined behavior [-Wexpansion-to-defined]
./ossl_pkey.h:44:60: note: expanded from macro 'HAVE_BN_GENCB'
#define HAVE_BN_GENCB defined(HAVE_RSA_GENERATE_KEY_EX) || defined(HAVE_DH_GENERATE_PARAMETERS_EX) || defined(HAVE_DSA_GENERATE_PARAMETERS_EX)
                                                           ^
ossl_pkey_dh.c:85:48: warning: macro expansion producing 'defined' has undefined behavior [-Wexpansion-to-defined]
./ossl_pkey.h:44:103: note: expanded from macro 'HAVE_BN_GENCB'
#define HAVE_BN_GENCB defined(HAVE_RSA_GENERATE_KEY_EX) || defined(HAVE_DH_GENERATE_PARAMETERS_EX) || defined(HAVE_DSA_GENERATE_PARAMETERS_EX)
                                                                                                      ^
ossl_pkey_dh.c:106:48: warning: macro expansion producing 'defined' has undefined behavior [-Wexpansion-to-defined]
#if defined(HAVE_DH_GENERATE_PARAMETERS_EX) && HAVE_BN_GENCB
                                               ^
./ossl_pkey.h:44:23: note: expanded from macro 'HAVE_BN_GENCB'
#define HAVE_BN_GENCB defined(HAVE_RSA_GENERATE_KEY_EX) || defined(HAVE_DH_GENERATE_PARAMETERS_EX) || defined(HAVE_DSA_GENERATE_PARAMETERS_EX)
                      ^
ossl_pkey_dh.c:106:48: warning: macro expansion producing 'defined' has undefined behavior [-Wexpansion-to-defined]
./ossl_pkey.h:44:60: note: expanded from macro 'HAVE_BN_GENCB'
#define HAVE_BN_GENCB defined(HAVE_RSA_GENERATE_KEY_EX) || defined(HAVE_DH_GENERATE_PARAMETERS_EX) || defined(HAVE_DSA_GENERATE_PARAMETERS_EX)
                                                           ^
ossl_pkey_dh.c:106:48: warning: macro expansion producing 'defined' has undefined behavior [-Wexpansion-to-defined]
./ossl_pkey.h:44:103: note: expanded from macro 'HAVE_BN_GENCB'
#define HAVE_BN_GENCB defined(HAVE_RSA_GENERATE_KEY_EX) || defined(HAVE_DH_GENERATE_PARAMETERS_EX) || defined(HAVE_DSA_GENERATE_PARAMETERS_EX)
                                                                                                      ^
In file included from ossl_pkey_dsa.c:12:
In file included from ./ossl.h:236:
./ossl_pkey.h:45:5: warning: macro expansion producing 'defined' has undefined behavior [-Wexpansion-to-defined]
#if HAVE_BN_GENCB
    ^
./ossl_pkey.h:44:23: note: expanded from macro 'HAVE_BN_GENCB'
#define HAVE_BN_GENCB defined(HAVE_RSA_GENERATE_KEY_EX) || defined(HAVE_DH_GENERATE_PARAMETERS_EX) || defined(HAVE_DSA_GENERATE_PARAMETERS_EX)
                      ^
./ossl_pkey.h:45:5: warning: macro expansion producing 'defined' has undefined behavior [-Wexpansion-to-defined]
./ossl_pkey.h:44:60: note: expanded from macro 'HAVE_BN_GENCB'
#define HAVE_BN_GENCB defined(HAVE_RSA_GENERATE_KEY_EX) || defined(HAVE_DH_GENERATE_PARAMETERS_EX) || defined(HAVE_DSA_GENERATE_PARAMETERS_EX)
                                                           ^
./ossl_pkey.h:45:5: warning: macro expansion producing 'defined' has undefined behavior [-Wexpansion-to-defined]
./ossl_pkey.h:44:103: note: expanded from macro 'HAVE_BN_GENCB'
#define HAVE_BN_GENCB defined(HAVE_RSA_GENERATE_KEY_EX) || defined(HAVE_DH_GENERATE_PARAMETERS_EX) || defined(HAVE_DSA_GENERATE_PARAMETERS_EX)
                                                                                                      ^
ossl_pkey_dsa.c:79:49: warning: macro expansion producing 'defined' has undefined behavior [-Wexpansion-to-defined]
#if defined(HAVE_DSA_GENERATE_PARAMETERS_EX) && HAVE_BN_GENCB
                                                ^
./ossl_pkey.h:44:23: note: expanded from macro 'HAVE_BN_GENCB'
#define HAVE_BN_GENCB defined(HAVE_RSA_GENERATE_KEY_EX) || defined(HAVE_DH_GENERATE_PARAMETERS_EX) || defined(HAVE_DSA_GENERATE_PARAMETERS_EX)
                      ^
ossl_pkey_dsa.c:79:49: warning: macro expansion producing 'defined' has undefined behavior [-Wexpansion-to-defined]
./ossl_pkey.h:44:60: note: expanded from macro 'HAVE_BN_GENCB'
#define HAVE_BN_GENCB defined(HAVE_RSA_GENERATE_KEY_EX) || defined(HAVE_DH_GENERATE_PARAMETERS_EX) || defined(HAVE_DSA_GENERATE_PARAMETERS_EX)
                                                           ^
ossl_pkey_dsa.c:79:49: warning: macro expansion producing 'defined' has undefined behavior [-Wexpansion-to-defined]
./ossl_pkey.h:44:103: note: expanded from macro 'HAVE_BN_GENCB'
#define HAVE_BN_GENCB defined(HAVE_RSA_GENERATE_KEY_EX) || defined(HAVE_DH_GENERATE_PARAMETERS_EX) || defined(HAVE_DSA_GENERATE_PARAMETERS_EX)
                                                                                                      ^
ossl_pkey_dsa.c:103:49: warning: macro expansion producing 'defined' has undefined behavior [-Wexpansion-to-defined]
#if defined(HAVE_DSA_GENERATE_PARAMETERS_EX) && HAVE_BN_GENCB
                                                ^
./ossl_pkey.h:44:23: note: expanded from macro 'HAVE_BN_GENCB'
#define HAVE_BN_GENCB defined(HAVE_RSA_GENERATE_KEY_EX) || defined(HAVE_DH_GENERATE_PARAMETERS_EX) || defined(HAVE_DSA_GENERATE_PARAMETERS_EX)
                      ^
ossl_pkey_dsa.c:103:49: warning: macro expansion producing 'defined' has undefined behavior [-Wexpansion-to-defined]
./ossl_pkey.h:44:60: note: expanded from macro 'HAVE_BN_GENCB'
#define HAVE_BN_GENCB defined(HAVE_RSA_GENERATE_KEY_EX) || defined(HAVE_DH_GENERATE_PARAMETERS_EX) || defined(HAVE_DSA_GENERATE_PARAMETERS_EX)
                                                           ^
ossl_pkey_dsa.c:103:49: warning: macro expansion producing 'defined' has undefined behavior [-Wexpansion-to-defined]
./ossl_pkey.h:44:103: note: expanded from macro 'HAVE_BN_GENCB'
#define HAVE_BN_GENCB defined(HAVE_RSA_GENERATE_KEY_EX) || defined(HAVE_DH_GENERATE_PARAMETERS_EX) || defined(HAVE_DSA_GENERATE_PARAMETERS_EX)
                                                                                                      ^
compiling ossl_pkey_ec.c
9 warnings generated.
compiling raddrinfo.c
9 warnings generated.
In file included from ossl_pkey_ec.c:5:
In file included from ./ossl.h:236:
./ossl_pkey.h:45:5: warning: macro expansion producing 'defined' has undefined behavior [-Wexpansion-to-defined]
#if HAVE_BN_GENCB
    ^
./ossl_pkey.h:44:23: note: expanded from macro 'HAVE_BN_GENCB'
#define HAVE_BN_GENCB defined(HAVE_RSA_GENERATE_KEY_EX) || defined(HAVE_DH_GENERATE_PARAMETERS_EX) || defined(HAVE_DSA_GENERATE_PARAMETERS_EX)
                      ^
./ossl_pkey.h:45:5: warning: macro expansion producing 'defined' has undefined behavior [-Wexpansion-to-defined]
./ossl_pkey.h:44:60: note: expanded from macro 'HAVE_BN_GENCB'
#define HAVE_BN_GENCB defined(HAVE_RSA_GENERATE_KEY_EX) || defined(HAVE_DH_GENERATE_PARAMETERS_EX) || defined(HAVE_DSA_GENERATE_PARAMETERS_EX)
                                                           ^
./ossl_pkey.h:45:5: warning: macro expansion producing 'defined' has undefined behavior [-Wexpansion-to-defined]
./ossl_pkey.h:44:103: note: expanded from macro 'HAVE_BN_GENCB'
#define HAVE_BN_GENCB defined(HAVE_RSA_GENERATE_KEY_EX) || defined(HAVE_DH_GENERATE_PARAMETERS_EX) || defined(HAVE_DSA_GENERATE_PARAMETERS_EX)
                                                                                                      ^
compiling ossl_pkey_rsa.c
compiling ifaddr.c
In file included from ossl_pkey_rsa.c:12:
In file included from ./ossl.h:236:
./ossl_pkey.h:45:5: warning: macro expansion producing 'defined' has undefined behavior [-Wexpansion-to-defined]
#if HAVE_BN_GENCB
    ^
./ossl_pkey.h:44:23: note: expanded from macro 'HAVE_BN_GENCB'
#define HAVE_BN_GENCB defined(HAVE_RSA_GENERATE_KEY_EX) || defined(HAVE_DH_GENERATE_PARAMETERS_EX) || defined(HAVE_DSA_GENERATE_PARAMETERS_EX)
                      ^
./ossl_pkey.h:45:5: warning: macro expansion producing 'defined' has undefined behavior [-Wexpansion-to-defined]
./ossl_pkey.h:44:60: note: expanded from macro 'HAVE_BN_GENCB'
#define HAVE_BN_GENCB defined(HAVE_RSA_GENERATE_KEY_EX) || defined(HAVE_DH_GENERATE_PARAMETERS_EX) || defined(HAVE_DSA_GENERATE_PARAMETERS_EX)
                                                           ^
./ossl_pkey.h:45:5: warning: macro expansion producing 'defined' has undefined behavior [-Wexpansion-to-defined]
./ossl_pkey.h:44:103: note: expanded from macro 'HAVE_BN_GENCB'
#define HAVE_BN_GENCB defined(HAVE_RSA_GENERATE_KEY_EX) || defined(HAVE_DH_GENERATE_PARAMETERS_EX) || defined(HAVE_DSA_GENERATE_PARAMETERS_EX)
                                                                                                      ^
ossl_pkey_rsa.c:80:42: warning: macro expansion producing 'defined' has undefined behavior [-Wexpansion-to-defined]
#if defined(HAVE_RSA_GENERATE_KEY_EX) && HAVE_BN_GENCB
                                         ^
./ossl_pkey.h:44:23: note: expanded from macro 'HAVE_BN_GENCB'
#define HAVE_BN_GENCB defined(HAVE_RSA_GENERATE_KEY_EX) || defined(HAVE_DH_GENERATE_PARAMETERS_EX) || defined(HAVE_DSA_GENERATE_PARAMETERS_EX)
                      ^
ossl_pkey_rsa.c:80:42: warning: macro expansion producing 'defined' has undefined behavior [-Wexpansion-to-defined]
./ossl_pkey.h:44:60: note: expanded from macro 'HAVE_BN_GENCB'
#define HAVE_BN_GENCB defined(HAVE_RSA_GENERATE_KEY_EX) || defined(HAVE_DH_GENERATE_PARAMETERS_EX) || defined(HAVE_DSA_GENERATE_PARAMETERS_EX)
                                                           ^
ossl_pkey_rsa.c:80:42: warning: macro expansion producing 'defined' has undefined behavior [-Wexpansion-to-defined]
./ossl_pkey.h:44:103: note: expanded from macro 'HAVE_BN_GENCB'
#define HAVE_BN_GENCB defined(HAVE_RSA_GENERATE_KEY_EX) || defined(HAVE_DH_GENERATE_PARAMETERS_EX) || defined(HAVE_DSA_GENERATE_PARAMETERS_EX)
                                                                                                      ^
ossl_pkey_rsa.c:101:42: warning: macro expansion producing 'defined' has undefined behavior [-Wexpansion-to-defined]
#if defined(HAVE_RSA_GENERATE_KEY_EX) && HAVE_BN_GENCB
                                         ^
./ossl_pkey.h:44:23: note: expanded from macro 'HAVE_BN_GENCB'
#define HAVE_BN_GENCB defined(HAVE_RSA_GENERATE_KEY_EX) || defined(HAVE_DH_GENERATE_PARAMETERS_EX) || defined(HAVE_DSA_GENERATE_PARAMETERS_EX)
                      ^
ossl_pkey_rsa.c:101:42: warning: macro expansion producing 'defined' has undefined behavior [-Wexpansion-to-defined]
./ossl_pkey.h:44:60: note: expanded from macro 'HAVE_BN_GENCB'
#define HAVE_BN_GENCB defined(HAVE_RSA_GENERATE_KEY_EX) || defined(HAVE_DH_GENERATE_PARAMETERS_EX) || defined(HAVE_DSA_GENERATE_PARAMETERS_EX)
                                                           ^
ossl_pkey_rsa.c:101:42: warning: macro expansion producing 'defined' has undefined behavior [-Wexpansion-to-defined]
./ossl_pkey.h:44:103: note: expanded from macro 'HAVE_BN_GENCB'
#define HAVE_BN_GENCB defined(HAVE_RSA_GENERATE_KEY_EX) || defined(HAVE_DH_GENERATE_PARAMETERS_EX) || defined(HAVE_DSA_GENERATE_PARAMETERS_EX)
                                                                                                      ^
compiling ossl_rand.c
linking shared-object zlib.bundle
9 warnings generated.
3 warnings generated.
installing default socket libraries
compiling ossl_ssl.c
compiling ossl_ssl_session.c
compiling init.c
In file included from ossl_rand.c:10:
In file included from ./ossl.h:236:
./ossl_pkey.h:45:5: warning: macro expansion producing 'defined' has undefined behavior [-Wexpansion-to-defined]
#if HAVE_BN_GENCB
    ^
./ossl_pkey.h:44:23: note: expanded from macro 'HAVE_BN_GENCB'
#define HAVE_BN_GENCB defined(HAVE_RSA_GENERATE_KEY_EX) || defined(HAVE_DH_GENERATE_PARAMETERS_EX) || defined(HAVE_DSA_GENERATE_PARAMETERS_EX)
                      ^
./ossl_pkey.h:45:5: warning: macro expansion producing 'defined' has undefined behavior [-Wexpansion-to-defined]
./ossl_pkey.h:44:60: note: expanded from macro 'HAVE_BN_GENCB'
#define HAVE_BN_GENCB defined(HAVE_RSA_GENERATE_KEY_EX) || defined(HAVE_DH_GENERATE_PARAMETERS_EX) || defined(HAVE_DSA_GENERATE_PARAMETERS_EX)
                                                           ^
./ossl_pkey.h:45:5: warning: macro expansion producing 'defined' has undefined behavior [-Wexpansion-to-defined]
./ossl_pkey.h:44:103: note: expanded from macro 'HAVE_BN_GENCB'
#define HAVE_BN_GENCB defined(HAVE_RSA_GENERATE_KEY_EX) || defined(HAVE_DH_GENERATE_PARAMETERS_EX) || defined(HAVE_DSA_GENERATE_PARAMETERS_EX)
                                                                                                      ^
linking shared-object date_core.bundle
In file included from ossl_ssl.c:12:
In file included from ./ossl.h:236:
./ossl_pkey.h:45:5: warning: macro expansion producing 'defined' has undefined behavior [-Wexpansion-to-defined]
#if HAVE_BN_GENCB
    ^
./ossl_pkey.h:44:23: note: expanded from macro 'HAVE_BN_GENCB'
#define HAVE_BN_GENCB defined(HAVE_RSA_GENERATE_KEY_EX) || defined(HAVE_DH_GENERATE_PARAMETERS_EX) || defined(HAVE_DSA_GENERATE_PARAMETERS_EX)
                      ^
./ossl_pkey.h:45:5: warning: macro expansion producing 'defined' has undefined behavior [-Wexpansion-to-defined]
./ossl_pkey.h:44:60: note: expanded from macro 'HAVE_BN_GENCB'
#define HAVE_BN_GENCB defined(HAVE_RSA_GENERATE_KEY_EX) || defined(HAVE_DH_GENERATE_PARAMETERS_EX) || defined(HAVE_DSA_GENERATE_PARAMETERS_EX)
                                                           ^
./ossl_pkey.h:45:5: warning: macro expansion producing 'defined' has undefined behavior [-Wexpansion-to-defined]
./ossl_pkey.h:44:103: note: expanded from macro 'HAVE_BN_GENCB'
#define HAVE_BN_GENCB defined(HAVE_RSA_GENERATE_KEY_EX) || defined(HAVE_DH_GENERATE_PARAMETERS_EX) || defined(HAVE_DSA_GENERATE_PARAMETERS_EX)
                                                                                                      ^
In file included from ossl_ssl_session.c:5:
In file included from ./ossl.h:236:
./ossl_pkey.h:45:5: warning: macro expansion producing 'defined' has undefined behavior [-Wexpansion-to-defined]
#if HAVE_BN_GENCB
    ^
./ossl_pkey.h:44:23: note: expanded from macro 'HAVE_BN_GENCB'
#define HAVE_BN_GENCB defined(HAVE_RSA_GENERATE_KEY_EX) || defined(HAVE_DH_GENERATE_PARAMETERS_EX) || defined(HAVE_DSA_GENERATE_PARAMETERS_EX)
                      ^
./ossl_pkey.h:45:5: warning: macro expansion producing 'defined' has undefined behavior [-Wexpansion-to-defined]
./ossl_pkey.h:44:60: note: expanded from macro 'HAVE_BN_GENCB'
#define HAVE_BN_GENCB defined(HAVE_RSA_GENERATE_KEY_EX) || defined(HAVE_DH_GENERATE_PARAMETERS_EX) || defined(HAVE_DSA_GENERATE_PARAMETERS_EX)
                                                           ^
./ossl_pkey.h:45:5: warning: macro expansion producing 'defined' has undefined behavior [-Wexpansion-to-defined]
./ossl_pkey.h:44:103: note: expanded from macro 'HAVE_BN_GENCB'
#define HAVE_BN_GENCB defined(HAVE_RSA_GENERATE_KEY_EX) || defined(HAVE_DH_GENERATE_PARAMETERS_EX) || defined(HAVE_DSA_GENERATE_PARAMETERS_EX)
                                                                                                      ^
3 warnings generated.
compiling constants.c
compiling ossl_x509.c
3 warnings generated.
compiling ossl_x509attr.c
compiling ossl_x509cert.c
compiling ossl_x509crl.c
In file included from ossl_x509.c:10:
In file included from ./ossl.h:236:
./ossl_pkey.h:45:5: warning: macro expansion producing 'defined' has undefined behavior [-Wexpansion-to-defined]
#if HAVE_BN_GENCB
    ^
./ossl_pkey.h:44:23: note: expanded from macro 'HAVE_BN_GENCB'
#define HAVE_BN_GENCB defined(HAVE_RSA_GENERATE_KEY_EX) || defined(HAVE_DH_GENERATE_PARAMETERS_EX) || defined(HAVE_DSA_GENERATE_PARAMETERS_EX)
                      ^
./ossl_pkey.h:45:5: warning: macro expansion producing 'defined' has undefined behavior [-Wexpansion-to-defined]
./ossl_pkey.h:44:60: note: expanded from macro 'HAVE_BN_GENCB'
#define HAVE_BN_GENCB defined(HAVE_RSA_GENERATE_KEY_EX) || defined(HAVE_DH_GENERATE_PARAMETERS_EX) || defined(HAVE_DSA_GENERATE_PARAMETERS_EX)
                                                           ^
./ossl_pkey.h:45:5: warning: macro expansion producing 'defined' has undefined behavior [-Wexpansion-to-defined]
./ossl_pkey.h:44:103: note: expanded from macro 'HAVE_BN_GENCB'
#define HAVE_BN_GENCB defined(HAVE_RSA_GENERATE_KEY_EX) || defined(HAVE_DH_GENERATE_PARAMETERS_EX) || defined(HAVE_DSA_GENERATE_PARAMETERS_EX)
                                                                                                      ^
3 warnings generated.
compiling ossl_x509ext.c
In file included from ossl_x509attr.c:10:
In file included from ./ossl.h:236:
./ossl_pkey.h:45:5: warning: macro expansion producing 'defined' has undefined behavior [-Wexpansion-to-defined]
#if HAVE_BN_GENCB
    ^
./ossl_pkey.h:44:23: note: expanded from macro 'HAVE_BN_GENCB'
#define HAVE_BN_GENCB defined(HAVE_RSA_GENERATE_KEY_EX) || defined(HAVE_DH_GENERATE_PARAMETERS_EX) || defined(HAVE_DSA_GENERATE_PARAMETERS_EX)
                      ^
./ossl_pkey.h:45:5: warning: macro expansion producing 'defined' has undefined behavior [-Wexpansion-to-defined]
./ossl_pkey.h:44:60: note: expanded from macro 'HAVE_BN_GENCB'
#define HAVE_BN_GENCB defined(HAVE_RSA_GENERATE_KEY_EX) || defined(HAVE_DH_GENERATE_PARAMETERS_EX) || defined(HAVE_DSA_GENERATE_PARAMETERS_EX)
                                                           ^
./ossl_pkey.h:45:5: warning: macro expansion producing 'defined' has undefined behavior [-Wexpansion-to-defined]
./ossl_pkey.h:44:103: note: expanded from macro 'HAVE_BN_GENCB'
#define HAVE_BN_GENCB defined(HAVE_RSA_GENERATE_KEY_EX) || defined(HAVE_DH_GENERATE_PARAMETERS_EX) || defined(HAVE_DSA_GENERATE_PARAMETERS_EX)
                                                                                                      ^
In file included from ossl_x509cert.c:10:
In file included from ./ossl.h:236:
./ossl_pkey.h:45:5: warning: macro expansion producing 'defined' has undefined behavior [-Wexpansion-to-defined]
#if HAVE_BN_GENCB
    ^
./ossl_pkey.h:44:23: note: expanded from macro 'HAVE_BN_GENCB'
#define HAVE_BN_GENCB defined(HAVE_RSA_GENERATE_KEY_EX) || defined(HAVE_DH_GENERATE_PARAMETERS_EX) || defined(HAVE_DSA_GENERATE_PARAMETERS_EX)
                      ^
./ossl_pkey.h:45:5: warning: macro expansion producing 'defined' has undefined behavior [-Wexpansion-to-defined]
./ossl_pkey.h:44:60: note: expanded from macro 'HAVE_BN_GENCB'
#define HAVE_BN_GENCB defined(HAVE_RSA_GENERATE_KEY_EX) || defined(HAVE_DH_GENERATE_PARAMETERS_EX) || defined(HAVE_DSA_GENERATE_PARAMETERS_EX)
                                                           ^
./ossl_pkey.h:45:5: warning: macro expansion producing 'defined' has undefined behavior [-Wexpansion-to-defined]
./ossl_pkey.h:44:103: note: expanded from macro 'HAVE_BN_GENCB'
#define HAVE_BN_GENCB defined(HAVE_RSA_GENERATE_KEY_EX) || defined(HAVE_DH_GENERATE_PARAMETERS_EX) || defined(HAVE_DSA_GENERATE_PARAMETERS_EX)
                                                                                                      ^
In file included from ossl_x509crl.c:10:
In file included from ./ossl.h:236:
./ossl_pkey.h:45:5: warning: macro expansion producing 'defined' has undefined behavior [-Wexpansion-to-defined]
#if HAVE_BN_GENCB
    ^
./ossl_pkey.h:44:23: note: expanded from macro 'HAVE_BN_GENCB'
#define HAVE_BN_GENCB defined(HAVE_RSA_GENERATE_KEY_EX) || defined(HAVE_DH_GENERATE_PARAMETERS_EX) || defined(HAVE_DSA_GENERATE_PARAMETERS_EX)
                      ^
./ossl_pkey.h:45:5: warning: macro expansion producing 'defined' has undefined behavior [-Wexpansion-to-defined]
./ossl_pkey.h:44:60: note: expanded from macro 'HAVE_BN_GENCB'
#define HAVE_BN_GENCB defined(HAVE_RSA_GENERATE_KEY_EX) || defined(HAVE_DH_GENERATE_PARAMETERS_EX) || defined(HAVE_DSA_GENERATE_PARAMETERS_EX)
                                                           ^
./ossl_pkey.h:45:5: warning: macro expansion producing 'defined' has undefined behavior [-Wexpansion-to-defined]
./ossl_pkey.h:44:103: note: expanded from macro 'HAVE_BN_GENCB'
#define HAVE_BN_GENCB defined(HAVE_RSA_GENERATE_KEY_EX) || defined(HAVE_DH_GENERATE_PARAMETERS_EX) || defined(HAVE_DSA_GENERATE_PARAMETERS_EX)
                                                                                                      ^
3 warnings generated.
compiling ossl_x509name.c
In file included from ossl_x509ext.c:10:
In file included from ./ossl.h:236:
./ossl_pkey.h:45:5: warning: macro expansion producing 'defined' has undefined behavior [-Wexpansion-to-defined]
#if HAVE_BN_GENCB
    ^
./ossl_pkey.h:44:23: note: expanded from macro 'HAVE_BN_GENCB'
#define HAVE_BN_GENCB defined(HAVE_RSA_GENERATE_KEY_EX) || defined(HAVE_DH_GENERATE_PARAMETERS_EX) || defined(HAVE_DSA_GENERATE_PARAMETERS_EX)
                      ^
./ossl_pkey.h:45:5: warning: macro expansion producing 'defined' has undefined behavior [-Wexpansion-to-defined]
./ossl_pkey.h:44:60: note: expanded from macro 'HAVE_BN_GENCB'
#define HAVE_BN_GENCB defined(HAVE_RSA_GENERATE_KEY_EX) || defined(HAVE_DH_GENERATE_PARAMETERS_EX) || defined(HAVE_DSA_GENERATE_PARAMETERS_EX)
                                                           ^
./ossl_pkey.h:45:5: warning: macro expansion producing 'defined' has undefined behavior [-Wexpansion-to-defined]
./ossl_pkey.h:44:103: note: expanded from macro 'HAVE_BN_GENCB'
#define HAVE_BN_GENCB defined(HAVE_RSA_GENERATE_KEY_EX) || defined(HAVE_DH_GENERATE_PARAMETERS_EX) || defined(HAVE_DSA_GENERATE_PARAMETERS_EX)
                                                                                                      ^
3 warnings generated.
3 warnings generated.
compiling ossl_x509req.c
compiling ossl_x509revoked.c
In file included from ossl_x509name.c:10:
In file included from ./ossl.h:236:
./ossl_pkey.h:45:5: warning: macro expansion producing 'defined' has undefined behavior [-Wexpansion-to-defined]
#if HAVE_BN_GENCB
    ^
./ossl_pkey.h:44:23: note: expanded from macro 'HAVE_BN_GENCB'
#define HAVE_BN_GENCB defined(HAVE_RSA_GENERATE_KEY_EX) || defined(HAVE_DH_GENERATE_PARAMETERS_EX) || defined(HAVE_DSA_GENERATE_PARAMETERS_EX)
                      ^
./ossl_pkey.h:45:5: warning: macro expansion producing 'defined' has undefined behavior [-Wexpansion-to-defined]
./ossl_pkey.h:44:60: note: expanded from macro 'HAVE_BN_GENCB'
#define HAVE_BN_GENCB defined(HAVE_RSA_GENERATE_KEY_EX) || defined(HAVE_DH_GENERATE_PARAMETERS_EX) || defined(HAVE_DSA_GENERATE_PARAMETERS_EX)
                                                           ^
./ossl_pkey.h:45:5: warning: macro expansion producing 'defined' has undefined behavior [-Wexpansion-to-defined]
./ossl_pkey.h:44:103: note: expanded from macro 'HAVE_BN_GENCB'
#define HAVE_BN_GENCB defined(HAVE_RSA_GENERATE_KEY_EX) || defined(HAVE_DH_GENERATE_PARAMETERS_EX) || defined(HAVE_DSA_GENERATE_PARAMETERS_EX)
                                                                                                      ^
3 warnings generated.
compiling ossl_x509store.c
3 warnings generated.
In file included from ossl_x509req.c:10:
In file included from ./ossl.h:236:
./ossl_pkey.h:45:5: warning: macro expansion producing 'defined' has undefined behavior [-Wexpansion-to-defined]
#if HAVE_BN_GENCB
    ^
./ossl_pkey.h:44:23: note: expanded from macro 'HAVE_BN_GENCB'
#define HAVE_BN_GENCB defined(HAVE_RSA_GENERATE_KEY_EX) || defined(HAVE_DH_GENERATE_PARAMETERS_EX) || defined(HAVE_DSA_GENERATE_PARAMETERS_EX)
                      ^
./ossl_pkey.h:45:5: warning: macro expansion producing 'defined' has undefined behavior [-Wexpansion-to-defined]
./ossl_pkey.h:44:60: note: expanded from macro 'HAVE_BN_GENCB'
#define HAVE_BN_GENCB defined(HAVE_RSA_GENERATE_KEY_EX) || defined(HAVE_DH_GENERATE_PARAMETERS_EX) || defined(HAVE_DSA_GENERATE_PARAMETERS_EX)
                                                           ^
./ossl_pkey.h:45:5: warning: macro expansion producing 'defined' has undefined behavior [-Wexpansion-to-defined]
./ossl_pkey.h:44:103: note: expanded from macro 'HAVE_BN_GENCB'
#define HAVE_BN_GENCB defined(HAVE_RSA_GENERATE_KEY_EX) || defined(HAVE_DH_GENERATE_PARAMETERS_EX) || defined(HAVE_DSA_GENERATE_PARAMETERS_EX)
                                                                                                      ^
installing default openssl libraries
In file included from ossl_x509revoked.c:10:
In file included from ./ossl.h:236:
./ossl_pkey.h:45:5: warning: macro expansion producing 'defined' has undefined behavior [-Wexpansion-to-defined]
#if HAVE_BN_GENCB
    ^
./ossl_pkey.h:44:23: note: expanded from macro 'HAVE_BN_GENCB'
#define HAVE_BN_GENCB defined(HAVE_RSA_GENERATE_KEY_EX) || defined(HAVE_DH_GENERATE_PARAMETERS_EX) || defined(HAVE_DSA_GENERATE_PARAMETERS_EX)
                      ^
./ossl_pkey.h:45:5: warning: macro expansion producing 'defined' has undefined behavior [-Wexpansion-to-defined]
./ossl_pkey.h:44:60: note: expanded from macro 'HAVE_BN_GENCB'
#define HAVE_BN_GENCB defined(HAVE_RSA_GENERATE_KEY_EX) || defined(HAVE_DH_GENERATE_PARAMETERS_EX) || defined(HAVE_DSA_GENERATE_PARAMETERS_EX)
                                                           ^
./ossl_pkey.h:45:5: warning: macro expansion producing 'defined' has undefined behavior [-Wexpansion-to-defined]
./ossl_pkey.h:44:103: note: expanded from macro 'HAVE_BN_GENCB'
#define HAVE_BN_GENCB defined(HAVE_RSA_GENERATE_KEY_EX) || defined(HAVE_DH_GENERATE_PARAMETERS_EX) || defined(HAVE_DSA_GENERATE_PARAMETERS_EX)
                                                                                                      ^
3 warnings generated.
3 warnings generated.
In file included from ossl_x509store.c:10:
In file included from ./ossl.h:236:
./ossl_pkey.h:45:5: warning: macro expansion producing 'defined' has undefined behavior [-Wexpansion-to-defined]
#if HAVE_BN_GENCB
    ^
./ossl_pkey.h:44:23: note: expanded from macro 'HAVE_BN_GENCB'
#define HAVE_BN_GENCB defined(HAVE_RSA_GENERATE_KEY_EX) || defined(HAVE_DH_GENERATE_PARAMETERS_EX) || defined(HAVE_DSA_GENERATE_PARAMETERS_EX)
                      ^
./ossl_pkey.h:45:5: warning: macro expansion producing 'defined' has undefined behavior [-Wexpansion-to-defined]
./ossl_pkey.h:44:60: note: expanded from macro 'HAVE_BN_GENCB'
#define HAVE_BN_GENCB defined(HAVE_RSA_GENERATE_KEY_EX) || defined(HAVE_DH_GENERATE_PARAMETERS_EX) || defined(HAVE_DSA_GENERATE_PARAMETERS_EX)
                                                           ^
./ossl_pkey.h:45:5: warning: macro expansion producing 'defined' has undefined behavior [-Wexpansion-to-defined]
./ossl_pkey.h:44:103: note: expanded from macro 'HAVE_BN_GENCB'
#define HAVE_BN_GENCB defined(HAVE_RSA_GENERATE_KEY_EX) || defined(HAVE_DH_GENERATE_PARAMETERS_EX) || defined(HAVE_DSA_GENERATE_PARAMETERS_EX)
                                                                                                      ^
3 warnings generated.
3 warnings generated.
linking shared-object openssl.bundle
linking shared-object socket.bundle
linking shared-object tcltklib.bundle
installing default tcltklib libraries
ld: warning: text-based stub file /System/Library/Frameworks/CoreFoundation.framework/CoreFoundation.tbd and library file /System/Library/Frameworks/CoreFoundation.framework/CoreFoundation are out of sync. Falling back to library file for linking.
ld: warning: text-based stub file /System/Library/Frameworks/CoreFoundation.framework/CoreFoundation.tbd and library file /System/Library/Frameworks/CoreFoundation.framework/CoreFoundation are out of sync. Falling back to library file for linking.
ld: warning: text-based stub file /System/Library/Frameworks/Cocoa.framework/Cocoa.tbd and library file /System/Library/Frameworks/Cocoa.framework/Cocoa are out of sync. Falling back to library file for linking.
ld: warning: text-based stub file /System/Library/Frameworks/IOKit.framework/IOKit.tbd and library file /System/Library/Frameworks/IOKit.framework/IOKit are out of sync. Falling back to library file for linking.
ld: warning: text-based stub file /System/Library/Frameworks/CoreFoundation.framework/CoreFoundation.tbd and library file /System/Library/Frameworks/CoreFoundation.framework/CoreFoundation are out of sync. Falling back to library file for linking.
ld: warning: text-based stub file /System/Library/Frameworks/AppKit.framework/Versions/C/AppKit.tbd and library file /System/Library/Frameworks/AppKit.framework/Versions/C/AppKit are out of sync. Falling back to library file for linking.
ld: warning: text-based stub file /System/Library/Frameworks/ApplicationServices.framework/Versions/A/ApplicationServices.tbd and library file /System/Library/Frameworks/ApplicationServices.framework/Versions/A/ApplicationServices are out of sync. Falling back to library file for linking.
ld: warning: text-based stub file /System/Library/PrivateFrameworks/UIFoundation.framework/Versions/A/UIFoundation.tbd and library file /System/Library/PrivateFrameworks/UIFoundation.framework/Versions/A/UIFoundation are out of sync. Falling back to library file for linking.
ld: warning: text-based stub file /System/Library/Frameworks/Foundation.framework/Versions/C/Foundation.tbd and library file /System/Library/Frameworks/Foundation.framework/Versions/C/Foundation are out of sync. Falling back to library file for linking.
ld: warning: text-based stub file /System/Library/Frameworks/CoreGraphics.framework/Versions/A/CoreGraphics.tbd and library file /System/Library/Frameworks/CoreGraphics.framework/Versions/A/CoreGraphics are out of sync. Falling back to library file for linking.
ld: warning: text-based stub file /System/Library/Frameworks/CoreText.framework/Versions/A/CoreText.tbd and library file /System/Library/Frameworks/CoreText.framework/Versions/A/CoreText are out of sync. Falling back to library file for linking.
ld: warning: text-based stub file /System/Library/Frameworks/ImageIO.framework/Versions/A/ImageIO.tbd and library file /System/Library/Frameworks/ImageIO.framework/Versions/A/ImageIO are out of sync. Falling back to library file for linking.
ld: warning: text-based stub file /System/Library/Frameworks/ApplicationServices.framework/Versions/A/Frameworks/ATS.framework/Versions/A/ATS.tbd and library file /System/Library/Frameworks/ApplicationServices.framework/Versions/A/Frameworks/ATS.framework/Versions/A/ATS are out of sync. Falling back to library file for linking.
ld: warning: text-based stub file /System/Library/Frameworks/CoreServices.framework/Versions/A/CoreServices.tbd and library file /System/Library/Frameworks/CoreServices.framework/Versions/A/CoreServices are out of sync. Falling back to library file for linking.
ld: warning: text-based stub file /System/Library/Frameworks/ApplicationServices.framework/Versions/A/Frameworks/HIServices.framework/Versions/A/HIServices.tbd and library file /System/Library/Frameworks/ApplicationServices.framework/Versions/A/Frameworks/HIServices.framework/Versions/A/HIServices are out of sync. Falling back to library file for linking.
ld: warning: text-based stub file /System/Library/Frameworks/ApplicationServices.framework/Versions/A/Frameworks/SpeechSynthesis.framework/Versions/A/SpeechSynthesis.tbd and library file /System/Library/Frameworks/ApplicationServices.framework/Versions/A/Frameworks/SpeechSynthesis.framework/Versions/A/SpeechSynthesis are out of sync. Falling back to library file for linking.
ld: warning: text-based stub file /System/Library/Frameworks/CFNetwork.framework/Versions/A/CFNetwork.tbd and library file /System/Library/Frameworks/CFNetwork.framework/Versions/A/CFNetwork are out of sync. Falling back to library file for linking.
ld: warning: text-based stub file /System/Library/Frameworks/CoreServices.framework/Versions/A/Frameworks/OSServices.framework/Versions/A/OSServices.tbd and library file /System/Library/Frameworks/CoreServices.framework/Versions/A/Frameworks/OSServices.framework/Versions/A/OSServices are out of sync. Falling back to library file for linking.
ld: warning: text-based stub file /System/Library/Frameworks/CoreServices.framework/Versions/A/Frameworks/LaunchServices.framework/Versions/A/LaunchServices.tbd and library file /System/Library/Frameworks/CoreServices.framework/Versions/A/Frameworks/LaunchServices.framework/Versions/A/LaunchServices are out of sync. Falling back to library file for linking.
ld: warning: text-based stub file /System/Library/Frameworks/CoreServices.framework/Versions/A/Frameworks/SharedFileList.framework/Versions/A/SharedFileList.tbd and library file /System/Library/Frameworks/CoreServices.framework/Versions/A/Frameworks/SharedFileList.framework/Versions/A/SharedFileList are out of sync. Falling back to library file for linking.
1 warning generated.
linking shared-object ripper.bundle
linking shared-library libruby.2.3.0.dylib
ld: warning: text-based stub file /System/Library/Frameworks//Foundation.framework/Foundation.tbd and library file /System/Library/Frameworks//Foundation.framework/Foundation are out of sync. Falling back to library file for linking.
ld: warning: text-based stub file /System/Library/Frameworks//Foundation.framework/Foundation.tbd and library file /System/Library/Frameworks//Foundation.framework/Foundation are out of sync. Falling back to library file for linking.
ld: warning: text-based stub file /System/Library/Frameworks//CoreFoundation.framework/Versions/A/CoreFoundation.tbd and library file /System/Library/Frameworks//CoreFoundation.framework/Versions/A/CoreFoundation are out of sync. Falling back to library file for linking.
linking ruby
ld: warning: text-based stub file /System/Library/Frameworks//Foundation.framework/Foundation.tbd and library file /System/Library/Frameworks//Foundation.framework/Foundation are out of sync. Falling back to library file for linking.
ld: warning: text-based stub file /System/Library/Frameworks//CoreFoundation.framework/Versions/A/CoreFoundation.tbd and library file /System/Library/Frameworks//CoreFoundation.framework/Versions/A/CoreFoundation are out of sync. Falling back to library file for linking.
