+requirements_osx_brew_libs_install:2> brew install coreutils libyaml libksba --force
==> Downloading https://homebrew.bintray.com/bottles/coreutils-8.30.high_sierra.bottle.tar.gz
==> Pouring coreutils-8.30.high_sierra.bottle.tar.gz
==> Caveats
All commands have been installed with the prefix 'g'.

If you really need to use these commands with their normal names, you
can add a "gnubin" directory to your PATH from your bashrc like:

    PATH="/usr/local/opt/coreutils/libexec/gnubin:$PATH"

Additionally, you can access their man pages with normal names if you add
the "gnuman" directory to your MANPATH from your bashrc as well:

    MANPATH="/usr/local/opt/coreutils/libexec/gnuman:$MANPATH"

==> Summary
🍺  /usr/local/Cellar/coreutils/8.30: 430 files, 8.8MB
==> Downloading https://homebrew.bintray.com/bottles/libyaml-0.2.1.high_sierra.bottle.tar.gz
==> Pouring libyaml-0.2.1.high_sierra.bottle.tar.gz
🍺  /usr/local/Cellar/libyaml/0.2.1: 9 files, 298.9KB
==> Installing dependencies for libksba: libgpg-error
==> Installing libksba dependency: libgpg-error
==> Downloading https://homebrew.bintray.com/bottles/libgpg-error-1.32.high_sierra.bottle.tar.gz
==> Pouring libgpg-error-1.32.high_sierra.bottle.tar.gz
🍺  /usr/local/Cellar/libgpg-error/1.32: 25 files, 810.2KB
==> Installing libksba
==> Downloading https://homebrew.bintray.com/bottles/libksba-1.3.5.high_sierra.bottle.tar.gz
==> Pouring libksba-1.3.5.high_sierra.bottle.tar.gz
🍺  /usr/local/Cellar/libksba/1.3.5: 14 files, 356.6KB
==> Caveats
==> coreutils
All commands have been installed with the prefix 'g'.

If you really need to use these commands with their normal names, you
can add a "gnubin" directory to your PATH from your bashrc like:

    PATH="/usr/local/opt/coreutils/libexec/gnubin:$PATH"

Additionally, you can access their man pages with normal names if you add
the "gnuman" directory to your MANPATH from your bashrc as well:

    MANPATH="/usr/local/opt/coreutils/libexec/gnuman:$MANPATH"

