+__rvm_package_extract:2> rvm_debug __rvm_package_extract:2: /Users/dieguit/.rvm/archives/rubygems-2.7.8.tgz /Users/dieguit/.rvm/src
+rvm_debug:2> ((  0  ))
+rvm_debug:2> return 0
+__rvm_package_extract:3> typeset __extract_src __extract_target __tempdir __path __file __return
+__rvm_package_extract:4> __extract_src=/Users/dieguit/.rvm/archives/rubygems-2.7.8.tgz 
+__rvm_package_extract:5> __extract_target=/Users/dieguit/.rvm/src 
+__rvm_package_extract:6> shift 2
+__rvm_package_extract:7> __return=0 
+__rvm_package_extract:8> __tempdir=+__rvm_package_extract:8> TMPDIR=/Users/dieguit/.rvm/tmp mktemp -d -t rvm-tmp.XXXXXXXXX
+__rvm_package_extract:8> __tempdir=/var/folders/rk/mzhh7l7x5js640rsgg1crz2m0000gn/T/rvm-tmp.XXXXXXXXX.Bi9Eysr8 
+__rvm_package_extract:9> __rvm_package_extract_run /Users/dieguit/.rvm/archives/rubygems-2.7.8.tgz /var/folders/rk/mzhh7l7x5js640rsgg1crz2m0000gn/T/rvm-tmp.XXXXXXXXX.Bi9Eysr8
+__rvm_package_extract_run:2> typeset __extract_run_src __extract_run_target __exclude_elements
+__rvm_package_extract_run:3> __extract_run_src=/Users/dieguit/.rvm/archives/rubygems-2.7.8.tgz 
+__rvm_package_extract_run:4> __extract_run_target=/var/folders/rk/mzhh7l7x5js640rsgg1crz2m0000gn/T/rvm-tmp.XXXXXXXXX.Bi9Eysr8 
+__rvm_package_extract_run:5> shift 2
+__rvm_package_extract_run:6> __exclude_elements=( ) 
+__rvm_package_extract_run:9> [[ '  ' != *\ --no-same-owner\ * ]]
+__rvm_package_extract_run:10> __rvm_grep -- --no-same-owner
+__rvm_package_extract_run:10> __rvm_tar --help
+__rvm_grep:0> GREP_OPTIONS='' grep -- --no-same-owner
+__rvm_grep:0> return 1
+__rvm_package_extract_run:15> [[ -d /var/folders/rk/mzhh7l7x5js640rsgg1crz2m0000gn/T/rvm-tmp.XXXXXXXXX.Bi9Eysr8 ]]
+__rvm_package_extract_run:16> case /Users/dieguit/.rvm/archives/rubygems-2.7.8.tgz (*.zip)
+__rvm_package_extract_run:16> case /Users/dieguit/.rvm/archives/rubygems-2.7.8.tgz (*.tar.bz2)
+__rvm_package_extract_run:16> case /Users/dieguit/.rvm/archives/rubygems-2.7.8.tgz (*.tar.gz | *.tgz)
+__rvm_package_extract_run:29> __map_tar_excludes
+__map_tar_excludes:2> typeset __exclude_element
+__rvm_package_extract_run:30> [[ -n 5.3 ]]
+__rvm_package_extract_run:31> __rvm_tar -xzf /Users/dieguit/.rvm/archives/rubygems-2.7.8.tgz -C /var/folders/rk/mzhh7l7x5js640rsgg1crz2m0000gn/T/rvm-tmp.XXXXXXXXX.Bi9Eysr8
+__rvm_tar:0> tar -xzf /Users/dieguit/.rvm/archives/rubygems-2.7.8.tgz -C /var/folders/rk/mzhh7l7x5js640rsgg1crz2m0000gn/T/rvm-tmp.XXXXXXXXX.Bi9Eysr8
+__rvm_package_extract_run:39> __rvm_fix_group_permissions /var/folders/rk/mzhh7l7x5js640rsgg1crz2m0000gn/T/rvm-tmp.XXXXXXXXX.Bi9Eysr8/rubygems-2.7.8
+__rvm_fix_group_permissions:3> __rvm_grep 'g=rw'
+__rvm_fix_group_permissions:3> umask -S
+__rvm_grep:0> GREP_OPTIONS='' grep 'g=rw'
+__rvm_grep:0> return 1
+__rvm_package_extract:11> ((  __return == 0  ))
+__rvm_package_extract:13> __path=/var/folders/rk/mzhh7l7x5js640rsgg1crz2m0000gn/T/rvm-tmp.XXXXXXXXX.Bi9Eysr8/rubygems-2.7.8
+__rvm_package_extract:15> __file=rubygems-2.7.8 
+__rvm_package_extract:17> [[ -n rubygems-2.7.8 && -e /Users/dieguit/.rvm/src/rubygems-2.7.8 ]]
+__rvm_package_extract:21> mv -f /var/folders/rk/mzhh7l7x5js640rsgg1crz2m0000gn/T/rvm-tmp.XXXXXXXXX.Bi9Eysr8/rubygems-2.7.8 /Users/dieguit/.rvm/src/
+__rvm_package_extract:24> [[ -n /var/folders/rk/mzhh7l7x5js640rsgg1crz2m0000gn/T/rvm-tmp.XXXXXXXXX.Bi9Eysr8 ]]
+__rvm_package_extract:25> rm -rf /var/folders/rk/mzhh7l7x5js640rsgg1crz2m0000gn/T/rvm-tmp.XXXXXXXXX.Bi9Eysr8
+__rvm_package_extract:27> return 0
