+requirements_osx_brew_update_system:3> __rvm_version_compare 10.13 -ge 10.7
+__rvm_version_compare:2> typeset first
+__rvm_version_compare:5> first=+__rvm_version_compare:5> printf %b '10.13\n10.7\n'
+__rvm_version_compare:5> first=+__rvm_version_compare:5> __rvm_version_sort
+__rvm_version_compare:5> first=+__rvm_version_compare:5> head -n1
+__rvm_version_sort:2> awk '-F[.-]' -v 'OFS=.' $'{                   # split on "." and "-", merge back with "."\n    original=$0                                        # save original to preserve it before the line is changed\n    for (n=1; n<10; n++) {                             # iterate through max 9 components of version\n      $n=tolower($n)                                   # ignore case for sorting\n      if ($n == "")                 $n="0"             # treat non existing parts as 0\n      if ($n ~ /^p[0-9]/)           $n=substr($n, 2)   # old ruby -p notation\n      if ($n ~ /^[0-9](rc|b)/)      $n=substr($n, 1, 1)". "substr($n, 2)   # old jruby 0RC1 notation\n      if (n == 1 && $n ~ /^[0-9]/)  $n="zzz."$n        # first group must be a string\n      if (n > 1 && $n ~ /^[a-z]/)   $n=" "$n           # names go before numbers thanks to space\n    }\n    print $0"\t"original                               # print the transformed version and original separated by \t\n                                                       # so we can extract original after sorting\n  }'
+__rvm_version_sort:15> LC_ALL=C sort -t. -k 1,1d -k 2,2n -k 3,3n -k 4,4n -k 5,5n -k 6,6n -k 7,7n -k 8,8n -k 9,9n
+__rvm_version_sort:16> awk '-F\t' '{print $2}'
+__rvm_version_compare:5> first=10.7 
+__rvm_version_compare:7> case -ge (-eq|==|=)
+__rvm_version_compare:7> case -ge (-ne|!=)
+__rvm_version_compare:7> case -ge (-gt|\>)
+__rvm_version_compare:7> case -ge (-ge|\>=)
+__rvm_version_compare:21> [[ 10.7 == head ]]
+__rvm_version_compare:23> [[ 10.7 == 10.7 ]]
+__rvm_version_compare:43> return 0
+requirements_osx_brew_update_system:5> __rvm_detect_xcode_version_at_least 4.6.2
+__rvm_detect_xcode_version_at_least:2> __rvm_detect_xcode_version
+__rvm_detect_xcode_version:2> typeset version_file
+__rvm_detect_xcode_version:3> version_file=/Applications/Xcode.app/Contents/version.plist
+__rvm_detect_xcode_version:8> [[ -f /Applications/Xcode.app/Contents/version.plist ]]
+__rvm_detect_xcode_version:11> [[ -x /usr/libexec/PlistBuddy ]]
+__rvm_detect_xcode_version:13> /usr/libexec/PlistBuddy -c 'Print CFBundleShortVersionString' /Applications/Xcode.app/Contents/version.plist
+__rvm_detect_xcode_version:17> return 0
+__rvm_detect_xcode_version_at_least:2> typeset '__xcode_version=10.0'
+__rvm_detect_xcode_version_at_least:3> [[ -n 10.0 ]]
+__rvm_detect_xcode_version_at_least:4> __rvm_version_compare 10.0 -ge 4.6.2
+__rvm_version_compare:2> typeset first
+__rvm_version_compare:5> first=+__rvm_version_compare:5> printf %b '10.0\n4.6.2\n'
+__rvm_version_compare:5> first=+__rvm_version_compare:5> __rvm_version_sort
+__rvm_version_compare:5> first=+__rvm_version_compare:5> head -n1
+__rvm_version_sort:2> awk '-F[.-]' -v 'OFS=.' $'{                   # split on "." and "-", merge back with "."\n    original=$0                                        # save original to preserve it before the line is changed\n    for (n=1; n<10; n++) {                             # iterate through max 9 components of version\n      $n=tolower($n)                                   # ignore case for sorting\n      if ($n == "")                 $n="0"             # treat non existing parts as 0\n      if ($n ~ /^p[0-9]/)           $n=substr($n, 2)   # old ruby -p notation\n      if ($n ~ /^[0-9](rc|b)/)      $n=substr($n, 1, 1)". "substr($n, 2)   # old jruby 0RC1 notation\n      if (n == 1 && $n ~ /^[0-9]/)  $n="zzz."$n        # first group must be a string\n      if (n > 1 && $n ~ /^[a-z]/)   $n=" "$n           # names go before numbers thanks to space\n    }\n    print $0"\t"original                               # print the transformed version and original separated by \t\n                                                       # so we can extract original after sorting\n  }'
+__rvm_version_sort:15> LC_ALL=C sort -t. -k 1,1d -k 2,2n -k 3,3n -k 4,4n -k 5,5n -k 6,6n -k 7,7n -k 8,8n -k 9,9n
+__rvm_version_sort:16> awk '-F\t' '{print $2}'
+__rvm_version_compare:5> first=4.6.2 
+__rvm_version_compare:7> case -ge (-eq|==|=)
+__rvm_version_compare:7> case -ge (-ne|!=)
+__rvm_version_compare:7> case -ge (-gt|\>)
+__rvm_version_compare:7> case -ge (-ge|\>=)
+__rvm_version_compare:21> [[ 4.6.2 == head ]]
+__rvm_version_compare:23> [[ 4.6.2 == 4.6.2 ]]
+__rvm_version_compare:43> return 0
+__rvm_detect_xcode_version_at_least:5> true
+requirements_osx_brew_update_system:19> brew update
Updated 2 taps (homebrew/core and homebrew/cask).
==> New Formulae
maven@3.5
==> Updated Formulae
abyss
akamai
allure
bazel
bdw-gc
binaryen
bowtie2
braid
buildifier
bundletool
cglm
checkstyle
circleci
cmake
cmark-gfm
commandbox
convox
crystal
dartsim
dateutils
dcd
docfx
docker-compose
docker-compose-completion
docker-ls
dub
feedgnuplot
ffmpeg
fn
fq
futhark
fwup
globjects
goenv
golang-migrate
gowsdl
grunt-cli
haste-client
httpie
icecream
ipfs
jabba
jdupes
jhipster
kitchen-sync
kompose
krb5
kubernetes-service-catalog-client
libdill
liberasurecode
libfabric
libgit2
libgit2-glib
libgosu
liblcf
libphonenumber
libpqxx
libqalculate
libtensorflow
libxlsxwriter
linkerd
mackup
mame
maven
maxwell
mdp
memcached
mikutter
mill
mongoose
mpv
muparser
newsboat
node
numpy
ocamlbuild
odpi
open-scene-graph
openrtsp
paket
pandoc
pangomm
passenger
pike
pmd
py3cairo
redo
rke
rmlint
rom-tools
ruby
ruby-build
scalaenv
sdb
sec
shairport-sync
snapraid
sngrep
spdlog
spotbugs
swimat
sync_gateway
tectonic
tgui
thors-serializer
tinyproxy
tmuxinator-completion
topgrade
traefik
translate-toolkit
travis
tundra
tup
typescript
ucloud
unshield
vapoursynth
vips
vnu
voldemort
webpack
xcodegen
yaml-cpp
yank
yosys
==> Deleted Formulae
maven@3.0
maven@3.1
