[2018-11-06 17:12:29] alias_delete_execute
alias_delete_execute () 
{ 
    for _path in "$rvm_rubies_path" "$rvm_gems_path" "$rvm_environments_path" "$rvm_wrappers_path";
    do
        if [[ -L "$_path/$1" ]]; then
            \command \rm -fv "$_path/$1" || return $?;
        fi;
    done;
    __rvm_db_ "$rvm_path/config/alias" "$1" "delete";
    alias_after_delete_default "$1" || return $?
}
current path: /Users/dieguit/projects/devmein.github.io
GEM_HOME=/Users/dieguit/.rvm/gems/ruby-2.3.7
PATH=/Users/dieguit/.rvm/gems/ruby-2.3.7/bin:/Users/dieguit/.rvm/gems/ruby-2.3.7@global/bin:/Users/dieguit/.rvm/rubies/ruby-2.3.7/bin:/Users/dieguit/.rvm/bin:/Users/dieguit/.nvm/versions/node/v8.12.0/bin:/usr/local/bin:/usr/bin:/bin:/usr/sbin:/sbin:/opt/X11/bin:/Users/dieguit/Library/Android/sdk/tools:/Users/dieguit/Library/Android/sdk/platform-tools
GEM_PATH=/Users/dieguit/.rvm/gems/ruby-2.3.7:/Users/dieguit/.rvm/gems/ruby-2.3.7@global
command(2): alias_delete_execute default
+ for _path in '"$rvm_rubies_path"' '"$rvm_gems_path"' '"$rvm_environments_path"' '"$rvm_wrappers_path"'
+ [[ -L /Users/dieguit/.rvm/rubies/default ]]
+ for _path in '"$rvm_rubies_path"' '"$rvm_gems_path"' '"$rvm_environments_path"' '"$rvm_wrappers_path"'
+ [[ -L /Users/dieguit/.rvm/gems/default ]]
+ for _path in '"$rvm_rubies_path"' '"$rvm_gems_path"' '"$rvm_environments_path"' '"$rvm_wrappers_path"'
+ [[ -L /Users/dieguit/.rvm/environments/default ]]
+ for _path in '"$rvm_rubies_path"' '"$rvm_gems_path"' '"$rvm_environments_path"' '"$rvm_wrappers_path"'
+ [[ -L /Users/dieguit/.rvm/wrappers/default ]]
+ __rvm_db_ /Users/dieguit/.rvm/config/alias default delete
+ typeset __db __key __value
+ __db=/Users/dieguit/.rvm/config/alias
+ __key=default
+ shift 2
+ __value=delete
+ case "${__value}" in
+ __rvm_db_remove /Users/dieguit/.rvm/config/alias default
+ [[ -f /Users/dieguit/.rvm/config/alias ]]
+ __rvm_sed -e '\#^default=# d' -e '/^$/d' /Users/dieguit/.rvm/config/alias
+ sed -e '\#^default=# d' -e '/^$/d' /Users/dieguit/.rvm/config/alias
+ command mv -f /Users/dieguit/.rvm/config/alias.new /Users/dieguit/.rvm/config/alias
+ mv -f /Users/dieguit/.rvm/config/alias.new /Users/dieguit/.rvm/config/alias
+ alias_after_delete_default default
+ [[ default == \d\e\f\a\u\l\t ]]
+ for _path in '"$rvm_bin_path"/default_*'
+ [[ -f /Users/dieguit/.rvm/bin/default_* ]]
+ _path='/Users/dieguit/.rvm/bin/default_*'
+ [[ -f /Users/dieguit/.rvm/bin/default_* ]]
+ for _path in '"$rvm_path"/wrappers/default/*' gem irb erb ri rdoc testrb rake ruby bundle
+ _path='*'
+ command rm -fv '/Users/dieguit/.rvm/bin/*'
+ rm -fv '/Users/dieguit/.rvm/bin/*'
+ for _path in '"$rvm_path"/wrappers/default/*' gem irb erb ri rdoc testrb rake ruby bundle
+ _path=gem
+ command rm -fv /Users/dieguit/.rvm/bin/gem
+ rm -fv /Users/dieguit/.rvm/bin/gem
+ for _path in '"$rvm_path"/wrappers/default/*' gem irb erb ri rdoc testrb rake ruby bundle
+ _path=irb
+ command rm -fv /Users/dieguit/.rvm/bin/irb
+ rm -fv /Users/dieguit/.rvm/bin/irb
+ for _path in '"$rvm_path"/wrappers/default/*' gem irb erb ri rdoc testrb rake ruby bundle
+ _path=erb
+ command rm -fv /Users/dieguit/.rvm/bin/erb
+ rm -fv /Users/dieguit/.rvm/bin/erb
+ for _path in '"$rvm_path"/wrappers/default/*' gem irb erb ri rdoc testrb rake ruby bundle
+ _path=ri
+ command rm -fv /Users/dieguit/.rvm/bin/ri
+ rm -fv /Users/dieguit/.rvm/bin/ri
+ for _path in '"$rvm_path"/wrappers/default/*' gem irb erb ri rdoc testrb rake ruby bundle
+ _path=rdoc
+ command rm -fv /Users/dieguit/.rvm/bin/rdoc
+ rm -fv /Users/dieguit/.rvm/bin/rdoc
+ for _path in '"$rvm_path"/wrappers/default/*' gem irb erb ri rdoc testrb rake ruby bundle
+ _path=testrb
+ command rm -fv /Users/dieguit/.rvm/bin/testrb
+ rm -fv /Users/dieguit/.rvm/bin/testrb
+ for _path in '"$rvm_path"/wrappers/default/*' gem irb erb ri rdoc testrb rake ruby bundle
+ _path=rake
+ command rm -fv /Users/dieguit/.rvm/bin/rake
+ rm -fv /Users/dieguit/.rvm/bin/rake
+ for _path in '"$rvm_path"/wrappers/default/*' gem irb erb ri rdoc testrb rake ruby bundle
+ _path=ruby
+ command rm -fv /Users/dieguit/.rvm/bin/ruby
+ rm -fv /Users/dieguit/.rvm/bin/ruby
+ for _path in '"$rvm_path"/wrappers/default/*' gem irb erb ri rdoc testrb rake ruby bundle
+ _path=bundle
+ command rm -fv /Users/dieguit/.rvm/bin/bundle
+ rm -fv /Users/dieguit/.rvm/bin/bundle
