[2018-11-06 17:12:29] alias_create_execute
alias_create_execute () 
{ 
    for _path in "$rvm_rubies_path" "$rvm_gems_path" "$rvm_environments_path" "$rvm_wrappers_path";
    do
        if [[ -L "$_path/$alias_name" ]]; then
            \command \rm -fv "$_path/$alias_name" || return $?;
        fi;
        \command \ln -fs "$_path/$rvm_ruby_string" "$_path/$alias_name" || return $?;
    done;
    __rvm_db_ "$rvm_path/config/alias" "$alias_name" "$rvm_ruby_string"
}
current path: /Users/dieguit/projects/devmein.github.io
GEM_HOME=/Users/dieguit/.rvm/gems/ruby-2.3.7
PATH=/Users/dieguit/.rvm/gems/ruby-2.3.7/bin:/Users/dieguit/.rvm/gems/ruby-2.3.7@global/bin:/Users/dieguit/.rvm/rubies/ruby-2.3.7/bin:/Users/dieguit/.rvm/bin:/Users/dieguit/.nvm/versions/node/v8.12.0/bin:/usr/local/bin:/usr/bin:/bin:/usr/sbin:/sbin:/opt/X11/bin:/Users/dieguit/Library/Android/sdk/tools:/Users/dieguit/Library/Android/sdk/platform-tools
GEM_PATH=/Users/dieguit/.rvm/gems/ruby-2.3.7:/Users/dieguit/.rvm/gems/ruby-2.3.7@global
command(1): alias_create_execute
+ for _path in '"$rvm_rubies_path"' '"$rvm_gems_path"' '"$rvm_environments_path"' '"$rvm_wrappers_path"'
+ [[ -L /Users/dieguit/.rvm/rubies/default ]]
+ command ln -fs /Users/dieguit/.rvm/rubies/ruby-2.3.7 /Users/dieguit/.rvm/rubies/default
+ ln -fs /Users/dieguit/.rvm/rubies/ruby-2.3.7 /Users/dieguit/.rvm/rubies/default
+ for _path in '"$rvm_rubies_path"' '"$rvm_gems_path"' '"$rvm_environments_path"' '"$rvm_wrappers_path"'
+ [[ -L /Users/dieguit/.rvm/gems/default ]]
+ command ln -fs /Users/dieguit/.rvm/gems/ruby-2.3.7 /Users/dieguit/.rvm/gems/default
+ ln -fs /Users/dieguit/.rvm/gems/ruby-2.3.7 /Users/dieguit/.rvm/gems/default
+ for _path in '"$rvm_rubies_path"' '"$rvm_gems_path"' '"$rvm_environments_path"' '"$rvm_wrappers_path"'
+ [[ -L /Users/dieguit/.rvm/environments/default ]]
+ command ln -fs /Users/dieguit/.rvm/environments/ruby-2.3.7 /Users/dieguit/.rvm/environments/default
+ ln -fs /Users/dieguit/.rvm/environments/ruby-2.3.7 /Users/dieguit/.rvm/environments/default
+ for _path in '"$rvm_rubies_path"' '"$rvm_gems_path"' '"$rvm_environments_path"' '"$rvm_wrappers_path"'
+ [[ -L /Users/dieguit/.rvm/wrappers/default ]]
+ command ln -fs /Users/dieguit/.rvm/wrappers/ruby-2.3.7 /Users/dieguit/.rvm/wrappers/default
+ ln -fs /Users/dieguit/.rvm/wrappers/ruby-2.3.7 /Users/dieguit/.rvm/wrappers/default
+ __rvm_db_ /Users/dieguit/.rvm/config/alias default ruby-2.3.7
+ typeset __db __key __value
+ __db=/Users/dieguit/.rvm/config/alias
+ __key=default
+ shift 2
+ __value=ruby-2.3.7
+ case "${__value}" in
+ __rvm_db_add /Users/dieguit/.rvm/config/alias default ruby-2.3.7
+ typeset __dir=/Users/dieguit/.rvm/config
+ [[ -f /Users/dieguit/.rvm/config/alias ]]
+ __rvm_db_remove /Users/dieguit/.rvm/config/alias default
+ [[ -f /Users/dieguit/.rvm/config/alias ]]
+ __rvm_sed -e '\#^default=# d' -e '/^$/d' /Users/dieguit/.rvm/config/alias
+ sed -e '\#^default=# d' -e '/^$/d' /Users/dieguit/.rvm/config/alias
+ command mv -f /Users/dieguit/.rvm/config/alias.new /Users/dieguit/.rvm/config/alias
+ mv -f /Users/dieguit/.rvm/config/alias.new /Users/dieguit/.rvm/config/alias
+ printf '%b=%b\n' default ruby-2.3.7
